[0.549s] DEBUG:colcon:Command line arguments: ['/usr/bin/colcon', 'build']
[0.549s] DEBUG:colcon:Parsed command line arguments: Namespace(log_base=None, log_level=None, verb_name='build', build_base='build', install_base='install', merge_install=False, symlink_install=False, test_result_base=None, continue_on_error=False, executor='sequential', event_handlers=None, base_paths=['.'], paths=None, cmake_args=None, cmake_target=None, cmake_target_skip_unavailable=False, cmake_clean_cache=False, cmake_clean_first=False, cmake_force_configure=False, ament_cmake_args=None, catkin_cmake_args=None, catkin_skip_building_tests=False, verb_parser=CustomArgumentParser(prog='colcon build', usage=None, description='Build a set of packages.', formatter_class=<class 'colcon_core.command.CustomFormatter'>, conflict_handler='error', add_help=True), verb_extension=<colcon_core.verb.build.BuildVerb object at 0x7f54bd98f910>, main=<bound method BuildVerb.main of <colcon_core.verb.build.BuildVerb object at 0x7f54bd98f910>>)
[1.086s] Level 1:colcon.colcon_core.package_discovery:discover_packages(recursive) check parameters
[1.086s] Level 1:colcon.colcon_core.package_discovery:discover_packages(path) check parameters
[1.087s] Level 1:colcon.colcon_core.package_discovery:discover_packages(recursive) discover
[1.087s] INFO:colcon.colcon_core.package_discovery:Crawling recursively for packages in '/home/holic/dev_ws'
[1.087s] Level 1:colcon.colcon_core.package_identification:_identify(.) by extensions ['ignore', 'ignore_ament_install']
[1.087s] Level 1:colcon.colcon_core.package_identification:_identify(.) by extension 'ignore'
[1.087s] Level 1:colcon.colcon_core.package_identification:_identify(.) by extension 'ignore_ament_install'
[1.087s] Level 1:colcon.colcon_core.package_identification:_identify(.) by extensions ['ros']
[1.087s] Level 1:colcon.colcon_core.package_identification:_identify(.) by extension 'ros'
[1.111s] Level 1:colcon.colcon_core.package_identification:_identify(.) by extensions ['cmake', 'python']
[1.111s] Level 1:colcon.colcon_core.package_identification:_identify(.) by extension 'cmake'
[1.111s] Level 1:colcon.colcon_core.package_identification:_identify(.) by extension 'python'
[1.111s] Level 1:colcon.colcon_core.package_identification:_identify(.) by extensions ['python_setup_py']
[1.111s] Level 1:colcon.colcon_core.package_identification:_identify(.) by extension 'python_setup_py'
[1.112s] Level 1:colcon.colcon_core.package_identification:_identify(build) by extensions ['ignore', 'ignore_ament_install']
[1.112s] Level 1:colcon.colcon_core.package_identification:_identify(build) by extension 'ignore'
[1.112s] Level 1:colcon.colcon_core.package_identification:_identify(build) ignored
[1.112s] Level 1:colcon.colcon_core.package_identification:_identify(install) by extensions ['ignore', 'ignore_ament_install']
[1.112s] Level 1:colcon.colcon_core.package_identification:_identify(install) by extension 'ignore'
[1.112s] Level 1:colcon.colcon_core.package_identification:_identify(install) ignored
[1.112s] Level 1:colcon.colcon_core.package_identification:_identify(log) by extensions ['ignore', 'ignore_ament_install']
[1.113s] Level 1:colcon.colcon_core.package_identification:_identify(log) by extension 'ignore'
[1.113s] Level 1:colcon.colcon_core.package_identification:_identify(log) ignored
[1.113s] Level 1:colcon.colcon_core.package_identification:_identify(src) by extensions ['ignore', 'ignore_ament_install']
[1.113s] Level 1:colcon.colcon_core.package_identification:_identify(src) by extension 'ignore'
[1.113s] Level 1:colcon.colcon_core.package_identification:_identify(src) by extension 'ignore_ament_install'
[1.113s] Level 1:colcon.colcon_core.package_identification:_identify(src) by extensions ['ros']
[1.113s] Level 1:colcon.colcon_core.package_identification:_identify(src) by extension 'ros'
[1.113s] Level 1:colcon.colcon_core.package_identification:_identify(src) by extensions ['cmake', 'python']
[1.113s] Level 1:colcon.colcon_core.package_identification:_identify(src) by extension 'cmake'
[1.113s] Level 1:colcon.colcon_core.package_identification:_identify(src) by extension 'python'
[1.113s] Level 1:colcon.colcon_core.package_identification:_identify(src) by extensions ['python_setup_py']
[1.114s] Level 1:colcon.colcon_core.package_identification:_identify(src) by extension 'python_setup_py'
[1.114s] Level 1:colcon.colcon_core.package_identification:_identify(src/ros2_tutorials) by extensions ['ignore', 'ignore_ament_install']
[1.114s] Level 1:colcon.colcon_core.package_identification:_identify(src/ros2_tutorials) by extension 'ignore'
[1.114s] Level 1:colcon.colcon_core.package_identification:_identify(src/ros2_tutorials) by extension 'ignore_ament_install'
[1.114s] Level 1:colcon.colcon_core.package_identification:_identify(src/ros2_tutorials) by extensions ['ros']
[1.114s] Level 1:colcon.colcon_core.package_identification:_identify(src/ros2_tutorials) by extension 'ros'
[1.114s] Level 1:colcon.colcon_core.package_identification:_identify(src/ros2_tutorials) by extensions ['cmake', 'python']
[1.114s] Level 1:colcon.colcon_core.package_identification:_identify(src/ros2_tutorials) by extension 'cmake'
[1.114s] Level 1:colcon.colcon_core.package_identification:_identify(src/ros2_tutorials) by extension 'python'
[1.114s] Level 1:colcon.colcon_core.package_identification:_identify(src/ros2_tutorials) by extensions ['python_setup_py']
[1.115s] Level 1:colcon.colcon_core.package_identification:_identify(src/ros2_tutorials) by extension 'python_setup_py'
[1.115s] Level 1:colcon.colcon_core.package_identification:_identify(src/ros2_tutorials/docs) by extensions ['ignore', 'ignore_ament_install']
[1.115s] Level 1:colcon.colcon_core.package_identification:_identify(src/ros2_tutorials/docs) by extension 'ignore'
[1.115s] Level 1:colcon.colcon_core.package_identification:_identify(src/ros2_tutorials/docs) by extension 'ignore_ament_install'
[1.115s] Level 1:colcon.colcon_core.package_identification:_identify(src/ros2_tutorials/docs) by extensions ['ros']
[1.115s] Level 1:colcon.colcon_core.package_identification:_identify(src/ros2_tutorials/docs) by extension 'ros'
[1.115s] Level 1:colcon.colcon_core.package_identification:_identify(src/ros2_tutorials/docs) by extensions ['cmake', 'python']
[1.115s] Level 1:colcon.colcon_core.package_identification:_identify(src/ros2_tutorials/docs) by extension 'cmake'
[1.115s] Level 1:colcon.colcon_core.package_identification:_identify(src/ros2_tutorials/docs) by extension 'python'
[1.116s] Level 1:colcon.colcon_core.package_identification:_identify(src/ros2_tutorials/docs) by extensions ['python_setup_py']
[1.116s] Level 1:colcon.colcon_core.package_identification:_identify(src/ros2_tutorials/docs) by extension 'python_setup_py'
[1.116s] Level 1:colcon.colcon_core.package_identification:_identify(src/ros2_tutorials/learning_action) by extensions ['ignore', 'ignore_ament_install']
[1.116s] Level 1:colcon.colcon_core.package_identification:_identify(src/ros2_tutorials/learning_action) by extension 'ignore'
[1.116s] Level 1:colcon.colcon_core.package_identification:_identify(src/ros2_tutorials/learning_action) by extension 'ignore_ament_install'
[1.116s] Level 1:colcon.colcon_core.package_identification:_identify(src/ros2_tutorials/learning_action) by extensions ['ros']
[1.116s] Level 1:colcon.colcon_core.package_identification:_identify(src/ros2_tutorials/learning_action) by extension 'ros'
[1.122s] DEBUG:colcon.colcon_core.package_identification:Package 'src/ros2_tutorials/learning_action' with type 'ros.ament_python' and name 'learning_action'
[1.123s] Level 1:colcon.colcon_core.package_identification:_identify(src/ros2_tutorials/learning_action_cpp) by extensions ['ignore', 'ignore_ament_install']
[1.123s] Level 1:colcon.colcon_core.package_identification:_identify(src/ros2_tutorials/learning_action_cpp) by extension 'ignore'
[1.123s] Level 1:colcon.colcon_core.package_identification:_identify(src/ros2_tutorials/learning_action_cpp) by extension 'ignore_ament_install'
[1.123s] Level 1:colcon.colcon_core.package_identification:_identify(src/ros2_tutorials/learning_action_cpp) by extensions ['ros']
[1.123s] Level 1:colcon.colcon_core.package_identification:_identify(src/ros2_tutorials/learning_action_cpp) by extension 'ros'
[1.124s] DEBUG:colcon.colcon_core.package_identification:Package 'src/ros2_tutorials/learning_action_cpp' with type 'ros.ament_cmake' and name 'learning_action_cpp'
[1.124s] Level 1:colcon.colcon_core.package_identification:_identify(src/ros2_tutorials/learning_cv) by extensions ['ignore', 'ignore_ament_install']
[1.124s] Level 1:colcon.colcon_core.package_identification:_identify(src/ros2_tutorials/learning_cv) by extension 'ignore'
[1.125s] Level 1:colcon.colcon_core.package_identification:_identify(src/ros2_tutorials/learning_cv) by extension 'ignore_ament_install'
[1.125s] Level 1:colcon.colcon_core.package_identification:_identify(src/ros2_tutorials/learning_cv) by extensions ['ros']
[1.125s] Level 1:colcon.colcon_core.package_identification:_identify(src/ros2_tutorials/learning_cv) by extension 'ros'
[1.125s] DEBUG:colcon.colcon_core.package_identification:Package 'src/ros2_tutorials/learning_cv' with type 'ros.ament_python' and name 'learning_cv'
[1.126s] Level 1:colcon.colcon_core.package_identification:_identify(src/ros2_tutorials/learning_gazebo) by extensions ['ignore', 'ignore_ament_install']
[1.126s] Level 1:colcon.colcon_core.package_identification:_identify(src/ros2_tutorials/learning_gazebo) by extension 'ignore'
[1.126s] Level 1:colcon.colcon_core.package_identification:_identify(src/ros2_tutorials/learning_gazebo) by extension 'ignore_ament_install'
[1.126s] Level 1:colcon.colcon_core.package_identification:_identify(src/ros2_tutorials/learning_gazebo) by extensions ['ros']
[1.126s] Level 1:colcon.colcon_core.package_identification:_identify(src/ros2_tutorials/learning_gazebo) by extension 'ros'
[1.127s] DEBUG:colcon.colcon_core.package_identification:Package 'src/ros2_tutorials/learning_gazebo' with type 'ros.ament_python' and name 'learning_gazebo'
[1.127s] Level 1:colcon.colcon_core.package_identification:_identify(src/ros2_tutorials/learning_interface) by extensions ['ignore', 'ignore_ament_install']
[1.127s] Level 1:colcon.colcon_core.package_identification:_identify(src/ros2_tutorials/learning_interface) by extension 'ignore'
[1.127s] Level 1:colcon.colcon_core.package_identification:_identify(src/ros2_tutorials/learning_interface) by extension 'ignore_ament_install'
[1.127s] Level 1:colcon.colcon_core.package_identification:_identify(src/ros2_tutorials/learning_interface) by extensions ['ros']
[1.127s] Level 1:colcon.colcon_core.package_identification:_identify(src/ros2_tutorials/learning_interface) by extension 'ros'
[1.128s] DEBUG:colcon.colcon_core.package_identification:Package 'src/ros2_tutorials/learning_interface' with type 'ros.ament_cmake' and name 'learning_interface'
[1.128s] Level 1:colcon.colcon_core.package_identification:_identify(src/ros2_tutorials/learning_launch) by extensions ['ignore', 'ignore_ament_install']
[1.128s] Level 1:colcon.colcon_core.package_identification:_identify(src/ros2_tutorials/learning_launch) by extension 'ignore'
[1.128s] Level 1:colcon.colcon_core.package_identification:_identify(src/ros2_tutorials/learning_launch) by extension 'ignore_ament_install'
[1.129s] Level 1:colcon.colcon_core.package_identification:_identify(src/ros2_tutorials/learning_launch) by extensions ['ros']
[1.129s] Level 1:colcon.colcon_core.package_identification:_identify(src/ros2_tutorials/learning_launch) by extension 'ros'
[1.129s] DEBUG:colcon.colcon_core.package_identification:Package 'src/ros2_tutorials/learning_launch' with type 'ros.ament_python' and name 'learning_launch'
[1.130s] Level 1:colcon.colcon_core.package_identification:_identify(src/ros2_tutorials/learning_node) by extensions ['ignore', 'ignore_ament_install']
[1.130s] Level 1:colcon.colcon_core.package_identification:_identify(src/ros2_tutorials/learning_node) by extension 'ignore'
[1.130s] Level 1:colcon.colcon_core.package_identification:_identify(src/ros2_tutorials/learning_node) by extension 'ignore_ament_install'
[1.130s] Level 1:colcon.colcon_core.package_identification:_identify(src/ros2_tutorials/learning_node) by extensions ['ros']
[1.130s] Level 1:colcon.colcon_core.package_identification:_identify(src/ros2_tutorials/learning_node) by extension 'ros'
[1.131s] DEBUG:colcon.colcon_core.package_identification:Package 'src/ros2_tutorials/learning_node' with type 'ros.ament_python' and name 'learning_node'
[1.131s] Level 1:colcon.colcon_core.package_identification:_identify(src/ros2_tutorials/learning_node_cpp) by extensions ['ignore', 'ignore_ament_install']
[1.131s] Level 1:colcon.colcon_core.package_identification:_identify(src/ros2_tutorials/learning_node_cpp) by extension 'ignore'
[1.131s] Level 1:colcon.colcon_core.package_identification:_identify(src/ros2_tutorials/learning_node_cpp) by extension 'ignore_ament_install'
[1.131s] Level 1:colcon.colcon_core.package_identification:_identify(src/ros2_tutorials/learning_node_cpp) by extensions ['ros']
[1.131s] Level 1:colcon.colcon_core.package_identification:_identify(src/ros2_tutorials/learning_node_cpp) by extension 'ros'
[1.132s] DEBUG:colcon.colcon_core.package_identification:Package 'src/ros2_tutorials/learning_node_cpp' with type 'ros.ament_cmake' and name 'learning_node_cpp'
[1.132s] Level 1:colcon.colcon_core.package_identification:_identify(src/ros2_tutorials/learning_parameter) by extensions ['ignore', 'ignore_ament_install']
[1.132s] Level 1:colcon.colcon_core.package_identification:_identify(src/ros2_tutorials/learning_parameter) by extension 'ignore'
[1.133s] Level 1:colcon.colcon_core.package_identification:_identify(src/ros2_tutorials/learning_parameter) by extension 'ignore_ament_install'
[1.133s] Level 1:colcon.colcon_core.package_identification:_identify(src/ros2_tutorials/learning_parameter) by extensions ['ros']
[1.133s] Level 1:colcon.colcon_core.package_identification:_identify(src/ros2_tutorials/learning_parameter) by extension 'ros'
[1.133s] DEBUG:colcon.colcon_core.package_identification:Package 'src/ros2_tutorials/learning_parameter' with type 'ros.ament_python' and name 'learning_parameter'
[1.134s] Level 1:colcon.colcon_core.package_identification:_identify(src/ros2_tutorials/learning_parameter_cpp) by extensions ['ignore', 'ignore_ament_install']
[1.134s] Level 1:colcon.colcon_core.package_identification:_identify(src/ros2_tutorials/learning_parameter_cpp) by extension 'ignore'
[1.134s] Level 1:colcon.colcon_core.package_identification:_identify(src/ros2_tutorials/learning_parameter_cpp) by extension 'ignore_ament_install'
[1.134s] Level 1:colcon.colcon_core.package_identification:_identify(src/ros2_tutorials/learning_parameter_cpp) by extensions ['ros']
[1.134s] Level 1:colcon.colcon_core.package_identification:_identify(src/ros2_tutorials/learning_parameter_cpp) by extension 'ros'
[1.135s] DEBUG:colcon.colcon_core.package_identification:Package 'src/ros2_tutorials/learning_parameter_cpp' with type 'ros.ament_cmake' and name 'learning_parameter_cpp'
[1.135s] Level 1:colcon.colcon_core.package_identification:_identify(src/ros2_tutorials/learning_pkg_c) by extensions ['ignore', 'ignore_ament_install']
[1.135s] Level 1:colcon.colcon_core.package_identification:_identify(src/ros2_tutorials/learning_pkg_c) by extension 'ignore'
[1.135s] Level 1:colcon.colcon_core.package_identification:_identify(src/ros2_tutorials/learning_pkg_c) by extension 'ignore_ament_install'
[1.135s] Level 1:colcon.colcon_core.package_identification:_identify(src/ros2_tutorials/learning_pkg_c) by extensions ['ros']
[1.135s] Level 1:colcon.colcon_core.package_identification:_identify(src/ros2_tutorials/learning_pkg_c) by extension 'ros'
[1.136s] DEBUG:colcon.colcon_core.package_identification:Package 'src/ros2_tutorials/learning_pkg_c' with type 'ros.ament_cmake' and name 'learning_pkg_c'
[1.136s] Level 1:colcon.colcon_core.package_identification:_identify(src/ros2_tutorials/learning_pkg_python) by extensions ['ignore', 'ignore_ament_install']
[1.136s] Level 1:colcon.colcon_core.package_identification:_identify(src/ros2_tutorials/learning_pkg_python) by extension 'ignore'
[1.136s] Level 1:colcon.colcon_core.package_identification:_identify(src/ros2_tutorials/learning_pkg_python) by extension 'ignore_ament_install'
[1.137s] Level 1:colcon.colcon_core.package_identification:_identify(src/ros2_tutorials/learning_pkg_python) by extensions ['ros']
[1.137s] Level 1:colcon.colcon_core.package_identification:_identify(src/ros2_tutorials/learning_pkg_python) by extension 'ros'
[1.137s] DEBUG:colcon.colcon_core.package_identification:Package 'src/ros2_tutorials/learning_pkg_python' with type 'ros.ament_python' and name 'learning_pkg_python'
[1.137s] Level 1:colcon.colcon_core.package_identification:_identify(src/ros2_tutorials/learning_qos) by extensions ['ignore', 'ignore_ament_install']
[1.138s] Level 1:colcon.colcon_core.package_identification:_identify(src/ros2_tutorials/learning_qos) by extension 'ignore'
[1.138s] Level 1:colcon.colcon_core.package_identification:_identify(src/ros2_tutorials/learning_qos) by extension 'ignore_ament_install'
[1.138s] Level 1:colcon.colcon_core.package_identification:_identify(src/ros2_tutorials/learning_qos) by extensions ['ros']
[1.138s] Level 1:colcon.colcon_core.package_identification:_identify(src/ros2_tutorials/learning_qos) by extension 'ros'
[1.139s] DEBUG:colcon.colcon_core.package_identification:Package 'src/ros2_tutorials/learning_qos' with type 'ros.ament_python' and name 'learning_qos'
[1.139s] Level 1:colcon.colcon_core.package_identification:_identify(src/ros2_tutorials/learning_service) by extensions ['ignore', 'ignore_ament_install']
[1.139s] Level 1:colcon.colcon_core.package_identification:_identify(src/ros2_tutorials/learning_service) by extension 'ignore'
[1.139s] Level 1:colcon.colcon_core.package_identification:_identify(src/ros2_tutorials/learning_service) by extension 'ignore_ament_install'
[1.139s] Level 1:colcon.colcon_core.package_identification:_identify(src/ros2_tutorials/learning_service) by extensions ['ros']
[1.139s] Level 1:colcon.colcon_core.package_identification:_identify(src/ros2_tutorials/learning_service) by extension 'ros'
[1.140s] DEBUG:colcon.colcon_core.package_identification:Package 'src/ros2_tutorials/learning_service' with type 'ros.ament_python' and name 'learning_service'
[1.140s] Level 1:colcon.colcon_core.package_identification:_identify(src/ros2_tutorials/learning_service_cpp) by extensions ['ignore', 'ignore_ament_install']
[1.140s] Level 1:colcon.colcon_core.package_identification:_identify(src/ros2_tutorials/learning_service_cpp) by extension 'ignore'
[1.140s] Level 1:colcon.colcon_core.package_identification:_identify(src/ros2_tutorials/learning_service_cpp) by extension 'ignore_ament_install'
[1.140s] Level 1:colcon.colcon_core.package_identification:_identify(src/ros2_tutorials/learning_service_cpp) by extensions ['ros']
[1.140s] Level 1:colcon.colcon_core.package_identification:_identify(src/ros2_tutorials/learning_service_cpp) by extension 'ros'
[1.141s] DEBUG:colcon.colcon_core.package_identification:Package 'src/ros2_tutorials/learning_service_cpp' with type 'ros.ament_cmake' and name 'learning_service_cpp'
[1.141s] Level 1:colcon.colcon_core.package_identification:_identify(src/ros2_tutorials/learning_tf) by extensions ['ignore', 'ignore_ament_install']
[1.141s] Level 1:colcon.colcon_core.package_identification:_identify(src/ros2_tutorials/learning_tf) by extension 'ignore'
[1.141s] Level 1:colcon.colcon_core.package_identification:_identify(src/ros2_tutorials/learning_tf) by extension 'ignore_ament_install'
[1.142s] Level 1:colcon.colcon_core.package_identification:_identify(src/ros2_tutorials/learning_tf) by extensions ['ros']
[1.142s] Level 1:colcon.colcon_core.package_identification:_identify(src/ros2_tutorials/learning_tf) by extension 'ros'
[1.142s] DEBUG:colcon.colcon_core.package_identification:Package 'src/ros2_tutorials/learning_tf' with type 'ros.ament_python' and name 'learning_tf'
[1.143s] Level 1:colcon.colcon_core.package_identification:_identify(src/ros2_tutorials/learning_topic) by extensions ['ignore', 'ignore_ament_install']
[1.143s] Level 1:colcon.colcon_core.package_identification:_identify(src/ros2_tutorials/learning_topic) by extension 'ignore'
[1.143s] Level 1:colcon.colcon_core.package_identification:_identify(src/ros2_tutorials/learning_topic) by extension 'ignore_ament_install'
[1.143s] Level 1:colcon.colcon_core.package_identification:_identify(src/ros2_tutorials/learning_topic) by extensions ['ros']
[1.143s] Level 1:colcon.colcon_core.package_identification:_identify(src/ros2_tutorials/learning_topic) by extension 'ros'
[1.144s] DEBUG:colcon.colcon_core.package_identification:Package 'src/ros2_tutorials/learning_topic' with type 'ros.ament_python' and name 'learning_topic'
[1.144s] Level 1:colcon.colcon_core.package_identification:_identify(src/ros2_tutorials/learning_topic_cpp) by extensions ['ignore', 'ignore_ament_install']
[1.144s] Level 1:colcon.colcon_core.package_identification:_identify(src/ros2_tutorials/learning_topic_cpp) by extension 'ignore'
[1.144s] Level 1:colcon.colcon_core.package_identification:_identify(src/ros2_tutorials/learning_topic_cpp) by extension 'ignore_ament_install'
[1.144s] Level 1:colcon.colcon_core.package_identification:_identify(src/ros2_tutorials/learning_topic_cpp) by extensions ['ros']
[1.144s] Level 1:colcon.colcon_core.package_identification:_identify(src/ros2_tutorials/learning_topic_cpp) by extension 'ros'
[1.145s] DEBUG:colcon.colcon_core.package_identification:Package 'src/ros2_tutorials/learning_topic_cpp' with type 'ros.ament_cmake' and name 'learning_topic_cpp'
[1.145s] Level 1:colcon.colcon_core.package_identification:_identify(src/ros2_tutorials/learning_urdf) by extensions ['ignore', 'ignore_ament_install']
[1.145s] Level 1:colcon.colcon_core.package_identification:_identify(src/ros2_tutorials/learning_urdf) by extension 'ignore'
[1.145s] Level 1:colcon.colcon_core.package_identification:_identify(src/ros2_tutorials/learning_urdf) by extension 'ignore_ament_install'
[1.145s] Level 1:colcon.colcon_core.package_identification:_identify(src/ros2_tutorials/learning_urdf) by extensions ['ros']
[1.145s] Level 1:colcon.colcon_core.package_identification:_identify(src/ros2_tutorials/learning_urdf) by extension 'ros'
[1.146s] DEBUG:colcon.colcon_core.package_identification:Package 'src/ros2_tutorials/learning_urdf' with type 'ros.ament_python' and name 'learning_urdf'
[1.146s] Level 1:colcon.colcon_core.package_identification:_identify(src/ros2_tutorials/python) by extensions ['ignore', 'ignore_ament_install']
[1.146s] Level 1:colcon.colcon_core.package_identification:_identify(src/ros2_tutorials/python) by extension 'ignore'
[1.146s] Level 1:colcon.colcon_core.package_identification:_identify(src/ros2_tutorials/python) by extension 'ignore_ament_install'
[1.147s] Level 1:colcon.colcon_core.package_identification:_identify(src/ros2_tutorials/python) by extensions ['ros']
[1.147s] Level 1:colcon.colcon_core.package_identification:_identify(src/ros2_tutorials/python) by extension 'ros'
[1.147s] Level 1:colcon.colcon_core.package_identification:_identify(src/ros2_tutorials/python) by extensions ['cmake', 'python']
[1.147s] Level 1:colcon.colcon_core.package_identification:_identify(src/ros2_tutorials/python) by extension 'cmake'
[1.147s] Level 1:colcon.colcon_core.package_identification:_identify(src/ros2_tutorials/python) by extension 'python'
[1.147s] Level 1:colcon.colcon_core.package_identification:_identify(src/ros2_tutorials/python) by extensions ['python_setup_py']
[1.147s] Level 1:colcon.colcon_core.package_identification:_identify(src/ros2_tutorials/python) by extension 'python_setup_py'
[1.147s] Level 1:colcon.colcon_core.package_discovery:discover_packages(recursive) using defaults
[1.147s] Level 1:colcon.colcon_core.package_discovery:discover_packages(path) discover
[1.147s] Level 1:colcon.colcon_core.package_discovery:discover_packages(path) using defaults
[1.318s] Level 5:colcon.colcon_core.verb:set package 'learning_cv' build argument 'cmake_args' from command line to 'None'
[1.318s] Level 5:colcon.colcon_core.verb:set package 'learning_cv' build argument 'cmake_target' from command line to 'None'
[1.318s] Level 5:colcon.colcon_core.verb:set package 'learning_cv' build argument 'cmake_target_skip_unavailable' from command line to 'False'
[1.318s] Level 5:colcon.colcon_core.verb:set package 'learning_cv' build argument 'cmake_clean_cache' from command line to 'False'
[1.318s] Level 5:colcon.colcon_core.verb:set package 'learning_cv' build argument 'cmake_clean_first' from command line to 'False'
[1.318s] Level 5:colcon.colcon_core.verb:set package 'learning_cv' build argument 'cmake_force_configure' from command line to 'False'
[1.318s] Level 5:colcon.colcon_core.verb:set package 'learning_cv' build argument 'ament_cmake_args' from command line to 'None'
[1.318s] Level 5:colcon.colcon_core.verb:set package 'learning_cv' build argument 'catkin_cmake_args' from command line to 'None'
[1.318s] Level 5:colcon.colcon_core.verb:set package 'learning_cv' build argument 'catkin_skip_building_tests' from command line to 'False'
[1.318s] DEBUG:colcon.colcon_core.verb:Building package 'learning_cv' with the following arguments: {'ament_cmake_args': None, 'build_base': '/home/holic/dev_ws/build/learning_cv', 'catkin_cmake_args': None, 'catkin_skip_building_tests': False, 'cmake_args': None, 'cmake_clean_cache': False, 'cmake_clean_first': False, 'cmake_force_configure': False, 'cmake_target': None, 'cmake_target_skip_unavailable': False, 'install_base': '/home/holic/dev_ws/install/learning_cv', 'merge_install': False, 'path': '/home/holic/dev_ws/src/ros2_tutorials/learning_cv', 'symlink_install': False, 'test_result_base': None}
[1.337s] Level 5:colcon.colcon_core.verb:set package 'learning_gazebo' build argument 'cmake_args' from command line to 'None'
[1.337s] Level 5:colcon.colcon_core.verb:set package 'learning_gazebo' build argument 'cmake_target' from command line to 'None'
[1.337s] Level 5:colcon.colcon_core.verb:set package 'learning_gazebo' build argument 'cmake_target_skip_unavailable' from command line to 'False'
[1.337s] Level 5:colcon.colcon_core.verb:set package 'learning_gazebo' build argument 'cmake_clean_cache' from command line to 'False'
[1.337s] Level 5:colcon.colcon_core.verb:set package 'learning_gazebo' build argument 'cmake_clean_first' from command line to 'False'
[1.337s] Level 5:colcon.colcon_core.verb:set package 'learning_gazebo' build argument 'cmake_force_configure' from command line to 'False'
[1.337s] Level 5:colcon.colcon_core.verb:set package 'learning_gazebo' build argument 'ament_cmake_args' from command line to 'None'
[1.337s] Level 5:colcon.colcon_core.verb:set package 'learning_gazebo' build argument 'catkin_cmake_args' from command line to 'None'
[1.337s] Level 5:colcon.colcon_core.verb:set package 'learning_gazebo' build argument 'catkin_skip_building_tests' from command line to 'False'
[1.337s] DEBUG:colcon.colcon_core.verb:Building package 'learning_gazebo' with the following arguments: {'ament_cmake_args': None, 'build_base': '/home/holic/dev_ws/build/learning_gazebo', 'catkin_cmake_args': None, 'catkin_skip_building_tests': False, 'cmake_args': None, 'cmake_clean_cache': False, 'cmake_clean_first': False, 'cmake_force_configure': False, 'cmake_target': None, 'cmake_target_skip_unavailable': False, 'install_base': '/home/holic/dev_ws/install/learning_gazebo', 'merge_install': False, 'path': '/home/holic/dev_ws/src/ros2_tutorials/learning_gazebo', 'symlink_install': False, 'test_result_base': None}
[1.355s] Level 5:colcon.colcon_core.verb:set package 'learning_interface' build argument 'cmake_args' from command line to 'None'
[1.355s] Level 5:colcon.colcon_core.verb:set package 'learning_interface' build argument 'cmake_target' from command line to 'None'
[1.355s] Level 5:colcon.colcon_core.verb:set package 'learning_interface' build argument 'cmake_target_skip_unavailable' from command line to 'False'
[1.355s] Level 5:colcon.colcon_core.verb:set package 'learning_interface' build argument 'cmake_clean_cache' from command line to 'False'
[1.355s] Level 5:colcon.colcon_core.verb:set package 'learning_interface' build argument 'cmake_clean_first' from command line to 'False'
[1.355s] Level 5:colcon.colcon_core.verb:set package 'learning_interface' build argument 'cmake_force_configure' from command line to 'False'
[1.355s] Level 5:colcon.colcon_core.verb:set package 'learning_interface' build argument 'ament_cmake_args' from command line to 'None'
[1.355s] Level 5:colcon.colcon_core.verb:set package 'learning_interface' build argument 'catkin_cmake_args' from command line to 'None'
[1.355s] Level 5:colcon.colcon_core.verb:set package 'learning_interface' build argument 'catkin_skip_building_tests' from command line to 'False'
[1.355s] DEBUG:colcon.colcon_core.verb:Building package 'learning_interface' with the following arguments: {'ament_cmake_args': None, 'build_base': '/home/holic/dev_ws/build/learning_interface', 'catkin_cmake_args': None, 'catkin_skip_building_tests': False, 'cmake_args': None, 'cmake_clean_cache': False, 'cmake_clean_first': False, 'cmake_force_configure': False, 'cmake_target': None, 'cmake_target_skip_unavailable': False, 'install_base': '/home/holic/dev_ws/install/learning_interface', 'merge_install': False, 'path': '/home/holic/dev_ws/src/ros2_tutorials/learning_interface', 'symlink_install': False, 'test_result_base': None}
[1.372s] Level 5:colcon.colcon_core.verb:set package 'learning_launch' build argument 'cmake_args' from command line to 'None'
[1.373s] Level 5:colcon.colcon_core.verb:set package 'learning_launch' build argument 'cmake_target' from command line to 'None'
[1.373s] Level 5:colcon.colcon_core.verb:set package 'learning_launch' build argument 'cmake_target_skip_unavailable' from command line to 'False'
[1.373s] Level 5:colcon.colcon_core.verb:set package 'learning_launch' build argument 'cmake_clean_cache' from command line to 'False'
[1.373s] Level 5:colcon.colcon_core.verb:set package 'learning_launch' build argument 'cmake_clean_first' from command line to 'False'
[1.373s] Level 5:colcon.colcon_core.verb:set package 'learning_launch' build argument 'cmake_force_configure' from command line to 'False'
[1.373s] Level 5:colcon.colcon_core.verb:set package 'learning_launch' build argument 'ament_cmake_args' from command line to 'None'
[1.373s] Level 5:colcon.colcon_core.verb:set package 'learning_launch' build argument 'catkin_cmake_args' from command line to 'None'
[1.373s] Level 5:colcon.colcon_core.verb:set package 'learning_launch' build argument 'catkin_skip_building_tests' from command line to 'False'
[1.373s] DEBUG:colcon.colcon_core.verb:Building package 'learning_launch' with the following arguments: {'ament_cmake_args': None, 'build_base': '/home/holic/dev_ws/build/learning_launch', 'catkin_cmake_args': None, 'catkin_skip_building_tests': False, 'cmake_args': None, 'cmake_clean_cache': False, 'cmake_clean_first': False, 'cmake_force_configure': False, 'cmake_target': None, 'cmake_target_skip_unavailable': False, 'install_base': '/home/holic/dev_ws/install/learning_launch', 'merge_install': False, 'path': '/home/holic/dev_ws/src/ros2_tutorials/learning_launch', 'symlink_install': False, 'test_result_base': None}
[1.390s] Level 5:colcon.colcon_core.verb:set package 'learning_node' build argument 'cmake_args' from command line to 'None'
[1.390s] Level 5:colcon.colcon_core.verb:set package 'learning_node' build argument 'cmake_target' from command line to 'None'
[1.390s] Level 5:colcon.colcon_core.verb:set package 'learning_node' build argument 'cmake_target_skip_unavailable' from command line to 'False'
[1.390s] Level 5:colcon.colcon_core.verb:set package 'learning_node' build argument 'cmake_clean_cache' from command line to 'False'
[1.390s] Level 5:colcon.colcon_core.verb:set package 'learning_node' build argument 'cmake_clean_first' from command line to 'False'
[1.390s] Level 5:colcon.colcon_core.verb:set package 'learning_node' build argument 'cmake_force_configure' from command line to 'False'
[1.391s] Level 5:colcon.colcon_core.verb:set package 'learning_node' build argument 'ament_cmake_args' from command line to 'None'
[1.391s] Level 5:colcon.colcon_core.verb:set package 'learning_node' build argument 'catkin_cmake_args' from command line to 'None'
[1.391s] Level 5:colcon.colcon_core.verb:set package 'learning_node' build argument 'catkin_skip_building_tests' from command line to 'False'
[1.391s] DEBUG:colcon.colcon_core.verb:Building package 'learning_node' with the following arguments: {'ament_cmake_args': None, 'build_base': '/home/holic/dev_ws/build/learning_node', 'catkin_cmake_args': None, 'catkin_skip_building_tests': False, 'cmake_args': None, 'cmake_clean_cache': False, 'cmake_clean_first': False, 'cmake_force_configure': False, 'cmake_target': None, 'cmake_target_skip_unavailable': False, 'install_base': '/home/holic/dev_ws/install/learning_node', 'merge_install': False, 'path': '/home/holic/dev_ws/src/ros2_tutorials/learning_node', 'symlink_install': False, 'test_result_base': None}
[1.407s] Level 5:colcon.colcon_core.verb:set package 'learning_node_cpp' build argument 'cmake_args' from command line to 'None'
[1.407s] Level 5:colcon.colcon_core.verb:set package 'learning_node_cpp' build argument 'cmake_target' from command line to 'None'
[1.407s] Level 5:colcon.colcon_core.verb:set package 'learning_node_cpp' build argument 'cmake_target_skip_unavailable' from command line to 'False'
[1.407s] Level 5:colcon.colcon_core.verb:set package 'learning_node_cpp' build argument 'cmake_clean_cache' from command line to 'False'
[1.407s] Level 5:colcon.colcon_core.verb:set package 'learning_node_cpp' build argument 'cmake_clean_first' from command line to 'False'
[1.407s] Level 5:colcon.colcon_core.verb:set package 'learning_node_cpp' build argument 'cmake_force_configure' from command line to 'False'
[1.407s] Level 5:colcon.colcon_core.verb:set package 'learning_node_cpp' build argument 'ament_cmake_args' from command line to 'None'
[1.407s] Level 5:colcon.colcon_core.verb:set package 'learning_node_cpp' build argument 'catkin_cmake_args' from command line to 'None'
[1.407s] Level 5:colcon.colcon_core.verb:set package 'learning_node_cpp' build argument 'catkin_skip_building_tests' from command line to 'False'
[1.407s] DEBUG:colcon.colcon_core.verb:Building package 'learning_node_cpp' with the following arguments: {'ament_cmake_args': None, 'build_base': '/home/holic/dev_ws/build/learning_node_cpp', 'catkin_cmake_args': None, 'catkin_skip_building_tests': False, 'cmake_args': None, 'cmake_clean_cache': False, 'cmake_clean_first': False, 'cmake_force_configure': False, 'cmake_target': None, 'cmake_target_skip_unavailable': False, 'install_base': '/home/holic/dev_ws/install/learning_node_cpp', 'merge_install': False, 'path': '/home/holic/dev_ws/src/ros2_tutorials/learning_node_cpp', 'symlink_install': False, 'test_result_base': None}
[1.423s] Level 5:colcon.colcon_core.verb:set package 'learning_parameter' build argument 'cmake_args' from command line to 'None'
[1.423s] Level 5:colcon.colcon_core.verb:set package 'learning_parameter' build argument 'cmake_target' from command line to 'None'
[1.423s] Level 5:colcon.colcon_core.verb:set package 'learning_parameter' build argument 'cmake_target_skip_unavailable' from command line to 'False'
[1.423s] Level 5:colcon.colcon_core.verb:set package 'learning_parameter' build argument 'cmake_clean_cache' from command line to 'False'
[1.423s] Level 5:colcon.colcon_core.verb:set package 'learning_parameter' build argument 'cmake_clean_first' from command line to 'False'
[1.423s] Level 5:colcon.colcon_core.verb:set package 'learning_parameter' build argument 'cmake_force_configure' from command line to 'False'
[1.423s] Level 5:colcon.colcon_core.verb:set package 'learning_parameter' build argument 'ament_cmake_args' from command line to 'None'
[1.423s] Level 5:colcon.colcon_core.verb:set package 'learning_parameter' build argument 'catkin_cmake_args' from command line to 'None'
[1.423s] Level 5:colcon.colcon_core.verb:set package 'learning_parameter' build argument 'catkin_skip_building_tests' from command line to 'False'
[1.423s] DEBUG:colcon.colcon_core.verb:Building package 'learning_parameter' with the following arguments: {'ament_cmake_args': None, 'build_base': '/home/holic/dev_ws/build/learning_parameter', 'catkin_cmake_args': None, 'catkin_skip_building_tests': False, 'cmake_args': None, 'cmake_clean_cache': False, 'cmake_clean_first': False, 'cmake_force_configure': False, 'cmake_target': None, 'cmake_target_skip_unavailable': False, 'install_base': '/home/holic/dev_ws/install/learning_parameter', 'merge_install': False, 'path': '/home/holic/dev_ws/src/ros2_tutorials/learning_parameter', 'symlink_install': False, 'test_result_base': None}
[1.440s] Level 5:colcon.colcon_core.verb:set package 'learning_parameter_cpp' build argument 'cmake_args' from command line to 'None'
[1.440s] Level 5:colcon.colcon_core.verb:set package 'learning_parameter_cpp' build argument 'cmake_target' from command line to 'None'
[1.440s] Level 5:colcon.colcon_core.verb:set package 'learning_parameter_cpp' build argument 'cmake_target_skip_unavailable' from command line to 'False'
[1.440s] Level 5:colcon.colcon_core.verb:set package 'learning_parameter_cpp' build argument 'cmake_clean_cache' from command line to 'False'
[1.440s] Level 5:colcon.colcon_core.verb:set package 'learning_parameter_cpp' build argument 'cmake_clean_first' from command line to 'False'
[1.440s] Level 5:colcon.colcon_core.verb:set package 'learning_parameter_cpp' build argument 'cmake_force_configure' from command line to 'False'
[1.440s] Level 5:colcon.colcon_core.verb:set package 'learning_parameter_cpp' build argument 'ament_cmake_args' from command line to 'None'
[1.440s] Level 5:colcon.colcon_core.verb:set package 'learning_parameter_cpp' build argument 'catkin_cmake_args' from command line to 'None'
[1.440s] Level 5:colcon.colcon_core.verb:set package 'learning_parameter_cpp' build argument 'catkin_skip_building_tests' from command line to 'False'
[1.440s] DEBUG:colcon.colcon_core.verb:Building package 'learning_parameter_cpp' with the following arguments: {'ament_cmake_args': None, 'build_base': '/home/holic/dev_ws/build/learning_parameter_cpp', 'catkin_cmake_args': None, 'catkin_skip_building_tests': False, 'cmake_args': None, 'cmake_clean_cache': False, 'cmake_clean_first': False, 'cmake_force_configure': False, 'cmake_target': None, 'cmake_target_skip_unavailable': False, 'install_base': '/home/holic/dev_ws/install/learning_parameter_cpp', 'merge_install': False, 'path': '/home/holic/dev_ws/src/ros2_tutorials/learning_parameter_cpp', 'symlink_install': False, 'test_result_base': None}
[1.455s] Level 5:colcon.colcon_core.verb:set package 'learning_pkg_c' build argument 'cmake_args' from command line to 'None'
[1.455s] Level 5:colcon.colcon_core.verb:set package 'learning_pkg_c' build argument 'cmake_target' from command line to 'None'
[1.455s] Level 5:colcon.colcon_core.verb:set package 'learning_pkg_c' build argument 'cmake_target_skip_unavailable' from command line to 'False'
[1.455s] Level 5:colcon.colcon_core.verb:set package 'learning_pkg_c' build argument 'cmake_clean_cache' from command line to 'False'
[1.455s] Level 5:colcon.colcon_core.verb:set package 'learning_pkg_c' build argument 'cmake_clean_first' from command line to 'False'
[1.455s] Level 5:colcon.colcon_core.verb:set package 'learning_pkg_c' build argument 'cmake_force_configure' from command line to 'False'
[1.455s] Level 5:colcon.colcon_core.verb:set package 'learning_pkg_c' build argument 'ament_cmake_args' from command line to 'None'
[1.455s] Level 5:colcon.colcon_core.verb:set package 'learning_pkg_c' build argument 'catkin_cmake_args' from command line to 'None'
[1.455s] Level 5:colcon.colcon_core.verb:set package 'learning_pkg_c' build argument 'catkin_skip_building_tests' from command line to 'False'
[1.455s] DEBUG:colcon.colcon_core.verb:Building package 'learning_pkg_c' with the following arguments: {'ament_cmake_args': None, 'build_base': '/home/holic/dev_ws/build/learning_pkg_c', 'catkin_cmake_args': None, 'catkin_skip_building_tests': False, 'cmake_args': None, 'cmake_clean_cache': False, 'cmake_clean_first': False, 'cmake_force_configure': False, 'cmake_target': None, 'cmake_target_skip_unavailable': False, 'install_base': '/home/holic/dev_ws/install/learning_pkg_c', 'merge_install': False, 'path': '/home/holic/dev_ws/src/ros2_tutorials/learning_pkg_c', 'symlink_install': False, 'test_result_base': None}
[1.470s] Level 5:colcon.colcon_core.verb:set package 'learning_pkg_python' build argument 'cmake_args' from command line to 'None'
[1.470s] Level 5:colcon.colcon_core.verb:set package 'learning_pkg_python' build argument 'cmake_target' from command line to 'None'
[1.470s] Level 5:colcon.colcon_core.verb:set package 'learning_pkg_python' build argument 'cmake_target_skip_unavailable' from command line to 'False'
[1.471s] Level 5:colcon.colcon_core.verb:set package 'learning_pkg_python' build argument 'cmake_clean_cache' from command line to 'False'
[1.471s] Level 5:colcon.colcon_core.verb:set package 'learning_pkg_python' build argument 'cmake_clean_first' from command line to 'False'
[1.471s] Level 5:colcon.colcon_core.verb:set package 'learning_pkg_python' build argument 'cmake_force_configure' from command line to 'False'
[1.471s] Level 5:colcon.colcon_core.verb:set package 'learning_pkg_python' build argument 'ament_cmake_args' from command line to 'None'
[1.471s] Level 5:colcon.colcon_core.verb:set package 'learning_pkg_python' build argument 'catkin_cmake_args' from command line to 'None'
[1.471s] Level 5:colcon.colcon_core.verb:set package 'learning_pkg_python' build argument 'catkin_skip_building_tests' from command line to 'False'
[1.471s] DEBUG:colcon.colcon_core.verb:Building package 'learning_pkg_python' with the following arguments: {'ament_cmake_args': None, 'build_base': '/home/holic/dev_ws/build/learning_pkg_python', 'catkin_cmake_args': None, 'catkin_skip_building_tests': False, 'cmake_args': None, 'cmake_clean_cache': False, 'cmake_clean_first': False, 'cmake_force_configure': False, 'cmake_target': None, 'cmake_target_skip_unavailable': False, 'install_base': '/home/holic/dev_ws/install/learning_pkg_python', 'merge_install': False, 'path': '/home/holic/dev_ws/src/ros2_tutorials/learning_pkg_python', 'symlink_install': False, 'test_result_base': None}
[1.485s] Level 5:colcon.colcon_core.verb:set package 'learning_qos' build argument 'cmake_args' from command line to 'None'
[1.486s] Level 5:colcon.colcon_core.verb:set package 'learning_qos' build argument 'cmake_target' from command line to 'None'
[1.486s] Level 5:colcon.colcon_core.verb:set package 'learning_qos' build argument 'cmake_target_skip_unavailable' from command line to 'False'
[1.486s] Level 5:colcon.colcon_core.verb:set package 'learning_qos' build argument 'cmake_clean_cache' from command line to 'False'
[1.486s] Level 5:colcon.colcon_core.verb:set package 'learning_qos' build argument 'cmake_clean_first' from command line to 'False'
[1.486s] Level 5:colcon.colcon_core.verb:set package 'learning_qos' build argument 'cmake_force_configure' from command line to 'False'
[1.486s] Level 5:colcon.colcon_core.verb:set package 'learning_qos' build argument 'ament_cmake_args' from command line to 'None'
[1.486s] Level 5:colcon.colcon_core.verb:set package 'learning_qos' build argument 'catkin_cmake_args' from command line to 'None'
[1.486s] Level 5:colcon.colcon_core.verb:set package 'learning_qos' build argument 'catkin_skip_building_tests' from command line to 'False'
[1.486s] DEBUG:colcon.colcon_core.verb:Building package 'learning_qos' with the following arguments: {'ament_cmake_args': None, 'build_base': '/home/holic/dev_ws/build/learning_qos', 'catkin_cmake_args': None, 'catkin_skip_building_tests': False, 'cmake_args': None, 'cmake_clean_cache': False, 'cmake_clean_first': False, 'cmake_force_configure': False, 'cmake_target': None, 'cmake_target_skip_unavailable': False, 'install_base': '/home/holic/dev_ws/install/learning_qos', 'merge_install': False, 'path': '/home/holic/dev_ws/src/ros2_tutorials/learning_qos', 'symlink_install': False, 'test_result_base': None}
[1.501s] Level 5:colcon.colcon_core.verb:set package 'learning_tf' build argument 'cmake_args' from command line to 'None'
[1.501s] Level 5:colcon.colcon_core.verb:set package 'learning_tf' build argument 'cmake_target' from command line to 'None'
[1.501s] Level 5:colcon.colcon_core.verb:set package 'learning_tf' build argument 'cmake_target_skip_unavailable' from command line to 'False'
[1.501s] Level 5:colcon.colcon_core.verb:set package 'learning_tf' build argument 'cmake_clean_cache' from command line to 'False'
[1.501s] Level 5:colcon.colcon_core.verb:set package 'learning_tf' build argument 'cmake_clean_first' from command line to 'False'
[1.501s] Level 5:colcon.colcon_core.verb:set package 'learning_tf' build argument 'cmake_force_configure' from command line to 'False'
[1.501s] Level 5:colcon.colcon_core.verb:set package 'learning_tf' build argument 'ament_cmake_args' from command line to 'None'
[1.501s] Level 5:colcon.colcon_core.verb:set package 'learning_tf' build argument 'catkin_cmake_args' from command line to 'None'
[1.501s] Level 5:colcon.colcon_core.verb:set package 'learning_tf' build argument 'catkin_skip_building_tests' from command line to 'False'
[1.502s] DEBUG:colcon.colcon_core.verb:Building package 'learning_tf' with the following arguments: {'ament_cmake_args': None, 'build_base': '/home/holic/dev_ws/build/learning_tf', 'catkin_cmake_args': None, 'catkin_skip_building_tests': False, 'cmake_args': None, 'cmake_clean_cache': False, 'cmake_clean_first': False, 'cmake_force_configure': False, 'cmake_target': None, 'cmake_target_skip_unavailable': False, 'install_base': '/home/holic/dev_ws/install/learning_tf', 'merge_install': False, 'path': '/home/holic/dev_ws/src/ros2_tutorials/learning_tf', 'symlink_install': False, 'test_result_base': None}
[1.516s] Level 5:colcon.colcon_core.verb:set package 'learning_topic_cpp' build argument 'cmake_args' from command line to 'None'
[1.516s] Level 5:colcon.colcon_core.verb:set package 'learning_topic_cpp' build argument 'cmake_target' from command line to 'None'
[1.516s] Level 5:colcon.colcon_core.verb:set package 'learning_topic_cpp' build argument 'cmake_target_skip_unavailable' from command line to 'False'
[1.516s] Level 5:colcon.colcon_core.verb:set package 'learning_topic_cpp' build argument 'cmake_clean_cache' from command line to 'False'
[1.516s] Level 5:colcon.colcon_core.verb:set package 'learning_topic_cpp' build argument 'cmake_clean_first' from command line to 'False'
[1.516s] Level 5:colcon.colcon_core.verb:set package 'learning_topic_cpp' build argument 'cmake_force_configure' from command line to 'False'
[1.517s] Level 5:colcon.colcon_core.verb:set package 'learning_topic_cpp' build argument 'ament_cmake_args' from command line to 'None'
[1.517s] Level 5:colcon.colcon_core.verb:set package 'learning_topic_cpp' build argument 'catkin_cmake_args' from command line to 'None'
[1.517s] Level 5:colcon.colcon_core.verb:set package 'learning_topic_cpp' build argument 'catkin_skip_building_tests' from command line to 'False'
[1.517s] DEBUG:colcon.colcon_core.verb:Building package 'learning_topic_cpp' with the following arguments: {'ament_cmake_args': None, 'build_base': '/home/holic/dev_ws/build/learning_topic_cpp', 'catkin_cmake_args': None, 'catkin_skip_building_tests': False, 'cmake_args': None, 'cmake_clean_cache': False, 'cmake_clean_first': False, 'cmake_force_configure': False, 'cmake_target': None, 'cmake_target_skip_unavailable': False, 'install_base': '/home/holic/dev_ws/install/learning_topic_cpp', 'merge_install': False, 'path': '/home/holic/dev_ws/src/ros2_tutorials/learning_topic_cpp', 'symlink_install': False, 'test_result_base': None}
[1.532s] Level 5:colcon.colcon_core.verb:set package 'learning_urdf' build argument 'cmake_args' from command line to 'None'
[1.532s] Level 5:colcon.colcon_core.verb:set package 'learning_urdf' build argument 'cmake_target' from command line to 'None'
[1.532s] Level 5:colcon.colcon_core.verb:set package 'learning_urdf' build argument 'cmake_target_skip_unavailable' from command line to 'False'
[1.532s] Level 5:colcon.colcon_core.verb:set package 'learning_urdf' build argument 'cmake_clean_cache' from command line to 'False'
[1.532s] Level 5:colcon.colcon_core.verb:set package 'learning_urdf' build argument 'cmake_clean_first' from command line to 'False'
[1.532s] Level 5:colcon.colcon_core.verb:set package 'learning_urdf' build argument 'cmake_force_configure' from command line to 'False'
[1.532s] Level 5:colcon.colcon_core.verb:set package 'learning_urdf' build argument 'ament_cmake_args' from command line to 'None'
[1.532s] Level 5:colcon.colcon_core.verb:set package 'learning_urdf' build argument 'catkin_cmake_args' from command line to 'None'
[1.532s] Level 5:colcon.colcon_core.verb:set package 'learning_urdf' build argument 'catkin_skip_building_tests' from command line to 'False'
[1.532s] DEBUG:colcon.colcon_core.verb:Building package 'learning_urdf' with the following arguments: {'ament_cmake_args': None, 'build_base': '/home/holic/dev_ws/build/learning_urdf', 'catkin_cmake_args': None, 'catkin_skip_building_tests': False, 'cmake_args': None, 'cmake_clean_cache': False, 'cmake_clean_first': False, 'cmake_force_configure': False, 'cmake_target': None, 'cmake_target_skip_unavailable': False, 'install_base': '/home/holic/dev_ws/install/learning_urdf', 'merge_install': False, 'path': '/home/holic/dev_ws/src/ros2_tutorials/learning_urdf', 'symlink_install': False, 'test_result_base': None}
[1.547s] Level 5:colcon.colcon_core.verb:set package 'learning_action' build argument 'cmake_args' from command line to 'None'
[1.548s] Level 5:colcon.colcon_core.verb:set package 'learning_action' build argument 'cmake_target' from command line to 'None'
[1.548s] Level 5:colcon.colcon_core.verb:set package 'learning_action' build argument 'cmake_target_skip_unavailable' from command line to 'False'
[1.548s] Level 5:colcon.colcon_core.verb:set package 'learning_action' build argument 'cmake_clean_cache' from command line to 'False'
[1.548s] Level 5:colcon.colcon_core.verb:set package 'learning_action' build argument 'cmake_clean_first' from command line to 'False'
[1.548s] Level 5:colcon.colcon_core.verb:set package 'learning_action' build argument 'cmake_force_configure' from command line to 'False'
[1.548s] Level 5:colcon.colcon_core.verb:set package 'learning_action' build argument 'ament_cmake_args' from command line to 'None'
[1.548s] Level 5:colcon.colcon_core.verb:set package 'learning_action' build argument 'catkin_cmake_args' from command line to 'None'
[1.548s] Level 5:colcon.colcon_core.verb:set package 'learning_action' build argument 'catkin_skip_building_tests' from command line to 'False'
[1.548s] DEBUG:colcon.colcon_core.verb:Building package 'learning_action' with the following arguments: {'ament_cmake_args': None, 'build_base': '/home/holic/dev_ws/build/learning_action', 'catkin_cmake_args': None, 'catkin_skip_building_tests': False, 'cmake_args': None, 'cmake_clean_cache': False, 'cmake_clean_first': False, 'cmake_force_configure': False, 'cmake_target': None, 'cmake_target_skip_unavailable': False, 'install_base': '/home/holic/dev_ws/install/learning_action', 'merge_install': False, 'path': '/home/holic/dev_ws/src/ros2_tutorials/learning_action', 'symlink_install': False, 'test_result_base': None}
[1.563s] Level 5:colcon.colcon_core.verb:set package 'learning_action_cpp' build argument 'cmake_args' from command line to 'None'
[1.563s] Level 5:colcon.colcon_core.verb:set package 'learning_action_cpp' build argument 'cmake_target' from command line to 'None'
[1.563s] Level 5:colcon.colcon_core.verb:set package 'learning_action_cpp' build argument 'cmake_target_skip_unavailable' from command line to 'False'
[1.563s] Level 5:colcon.colcon_core.verb:set package 'learning_action_cpp' build argument 'cmake_clean_cache' from command line to 'False'
[1.563s] Level 5:colcon.colcon_core.verb:set package 'learning_action_cpp' build argument 'cmake_clean_first' from command line to 'False'
[1.563s] Level 5:colcon.colcon_core.verb:set package 'learning_action_cpp' build argument 'cmake_force_configure' from command line to 'False'
[1.563s] Level 5:colcon.colcon_core.verb:set package 'learning_action_cpp' build argument 'ament_cmake_args' from command line to 'None'
[1.563s] Level 5:colcon.colcon_core.verb:set package 'learning_action_cpp' build argument 'catkin_cmake_args' from command line to 'None'
[1.563s] Level 5:colcon.colcon_core.verb:set package 'learning_action_cpp' build argument 'catkin_skip_building_tests' from command line to 'False'
[1.564s] DEBUG:colcon.colcon_core.verb:Building package 'learning_action_cpp' with the following arguments: {'ament_cmake_args': None, 'build_base': '/home/holic/dev_ws/build/learning_action_cpp', 'catkin_cmake_args': None, 'catkin_skip_building_tests': False, 'cmake_args': None, 'cmake_clean_cache': False, 'cmake_clean_first': False, 'cmake_force_configure': False, 'cmake_target': None, 'cmake_target_skip_unavailable': False, 'install_base': '/home/holic/dev_ws/install/learning_action_cpp', 'merge_install': False, 'path': '/home/holic/dev_ws/src/ros2_tutorials/learning_action_cpp', 'symlink_install': False, 'test_result_base': None}
[1.580s] Level 5:colcon.colcon_core.verb:set package 'learning_service' build argument 'cmake_args' from command line to 'None'
[1.581s] Level 5:colcon.colcon_core.verb:set package 'learning_service' build argument 'cmake_target' from command line to 'None'
[1.581s] Level 5:colcon.colcon_core.verb:set package 'learning_service' build argument 'cmake_target_skip_unavailable' from command line to 'False'
[1.581s] Level 5:colcon.colcon_core.verb:set package 'learning_service' build argument 'cmake_clean_cache' from command line to 'False'
[1.581s] Level 5:colcon.colcon_core.verb:set package 'learning_service' build argument 'cmake_clean_first' from command line to 'False'
[1.581s] Level 5:colcon.colcon_core.verb:set package 'learning_service' build argument 'cmake_force_configure' from command line to 'False'
[1.581s] Level 5:colcon.colcon_core.verb:set package 'learning_service' build argument 'ament_cmake_args' from command line to 'None'
[1.581s] Level 5:colcon.colcon_core.verb:set package 'learning_service' build argument 'catkin_cmake_args' from command line to 'None'
[1.581s] Level 5:colcon.colcon_core.verb:set package 'learning_service' build argument 'catkin_skip_building_tests' from command line to 'False'
[1.581s] DEBUG:colcon.colcon_core.verb:Building package 'learning_service' with the following arguments: {'ament_cmake_args': None, 'build_base': '/home/holic/dev_ws/build/learning_service', 'catkin_cmake_args': None, 'catkin_skip_building_tests': False, 'cmake_args': None, 'cmake_clean_cache': False, 'cmake_clean_first': False, 'cmake_force_configure': False, 'cmake_target': None, 'cmake_target_skip_unavailable': False, 'install_base': '/home/holic/dev_ws/install/learning_service', 'merge_install': False, 'path': '/home/holic/dev_ws/src/ros2_tutorials/learning_service', 'symlink_install': False, 'test_result_base': None}
[1.600s] Level 5:colcon.colcon_core.verb:set package 'learning_service_cpp' build argument 'cmake_args' from command line to 'None'
[1.600s] Level 5:colcon.colcon_core.verb:set package 'learning_service_cpp' build argument 'cmake_target' from command line to 'None'
[1.600s] Level 5:colcon.colcon_core.verb:set package 'learning_service_cpp' build argument 'cmake_target_skip_unavailable' from command line to 'False'
[1.600s] Level 5:colcon.colcon_core.verb:set package 'learning_service_cpp' build argument 'cmake_clean_cache' from command line to 'False'
[1.600s] Level 5:colcon.colcon_core.verb:set package 'learning_service_cpp' build argument 'cmake_clean_first' from command line to 'False'
[1.600s] Level 5:colcon.colcon_core.verb:set package 'learning_service_cpp' build argument 'cmake_force_configure' from command line to 'False'
[1.600s] Level 5:colcon.colcon_core.verb:set package 'learning_service_cpp' build argument 'ament_cmake_args' from command line to 'None'
[1.600s] Level 5:colcon.colcon_core.verb:set package 'learning_service_cpp' build argument 'catkin_cmake_args' from command line to 'None'
[1.600s] Level 5:colcon.colcon_core.verb:set package 'learning_service_cpp' build argument 'catkin_skip_building_tests' from command line to 'False'
[1.600s] DEBUG:colcon.colcon_core.verb:Building package 'learning_service_cpp' with the following arguments: {'ament_cmake_args': None, 'build_base': '/home/holic/dev_ws/build/learning_service_cpp', 'catkin_cmake_args': None, 'catkin_skip_building_tests': False, 'cmake_args': None, 'cmake_clean_cache': False, 'cmake_clean_first': False, 'cmake_force_configure': False, 'cmake_target': None, 'cmake_target_skip_unavailable': False, 'install_base': '/home/holic/dev_ws/install/learning_service_cpp', 'merge_install': False, 'path': '/home/holic/dev_ws/src/ros2_tutorials/learning_service_cpp', 'symlink_install': False, 'test_result_base': None}
[1.619s] Level 5:colcon.colcon_core.verb:set package 'learning_topic' build argument 'cmake_args' from command line to 'None'
[1.620s] Level 5:colcon.colcon_core.verb:set package 'learning_topic' build argument 'cmake_target' from command line to 'None'
[1.620s] Level 5:colcon.colcon_core.verb:set package 'learning_topic' build argument 'cmake_target_skip_unavailable' from command line to 'False'
[1.620s] Level 5:colcon.colcon_core.verb:set package 'learning_topic' build argument 'cmake_clean_cache' from command line to 'False'
[1.620s] Level 5:colcon.colcon_core.verb:set package 'learning_topic' build argument 'cmake_clean_first' from command line to 'False'
[1.620s] Level 5:colcon.colcon_core.verb:set package 'learning_topic' build argument 'cmake_force_configure' from command line to 'False'
[1.620s] Level 5:colcon.colcon_core.verb:set package 'learning_topic' build argument 'ament_cmake_args' from command line to 'None'
[1.620s] Level 5:colcon.colcon_core.verb:set package 'learning_topic' build argument 'catkin_cmake_args' from command line to 'None'
[1.620s] Level 5:colcon.colcon_core.verb:set package 'learning_topic' build argument 'catkin_skip_building_tests' from command line to 'False'
[1.620s] DEBUG:colcon.colcon_core.verb:Building package 'learning_topic' with the following arguments: {'ament_cmake_args': None, 'build_base': '/home/holic/dev_ws/build/learning_topic', 'catkin_cmake_args': None, 'catkin_skip_building_tests': False, 'cmake_args': None, 'cmake_clean_cache': False, 'cmake_clean_first': False, 'cmake_force_configure': False, 'cmake_target': None, 'cmake_target_skip_unavailable': False, 'install_base': '/home/holic/dev_ws/install/learning_topic', 'merge_install': False, 'path': '/home/holic/dev_ws/src/ros2_tutorials/learning_topic', 'symlink_install': False, 'test_result_base': None}
[1.639s] INFO:colcon.colcon_core.executor:Executing jobs using 'sequential' executor
[1.657s] DEBUG:colcon.colcon_core.executor.sequential:run_until_complete 'learning_cv'
[1.657s] INFO:colcon.colcon_ros.task.ament_python.build:Building ROS package in '/home/holic/dev_ws/src/ros2_tutorials/learning_cv' with build type 'ament_python'
[1.657s] Level 1:colcon.colcon_core.shell:create_environment_hook('learning_cv', 'ament_prefix_path')
[1.682s] INFO:colcon.colcon_core.plugin_system:Skipping extension 'colcon_core.shell.bat': Not used on non-Windows systems
[1.683s] INFO:colcon.colcon_core.shell:Creating environment descriptor '/home/holic/dev_ws/install/learning_cv/share/learning_cv/hook/ament_prefix_path.dsv'
[1.684s] INFO:colcon.colcon_core.shell:Creating environment hook '/home/holic/dev_ws/install/learning_cv/share/learning_cv/hook/ament_prefix_path.sh'
[1.719s] DEBUG:colcon.colcon_core.shell:Skip shell extension 'dsv' for command environment
[2.278s] INFO:colcon.colcon_core.task.python.build:Building Python package in '/home/holic/dev_ws/src/ros2_tutorials/learning_cv'
[2.302s] DEBUG:colcon.colcon_core.shell:Skip shell extension 'dsv' for command environment
[2.924s] DEBUG:colcon.colcon_core.event_handler.log_command:Invoking command in '/home/holic/dev_ws/src/ros2_tutorials/learning_cv': PYTHONPATH=/home/holic/dev_ws/build/learning_cv/prefix_override:/home/holic/dev_ws/install/learning_cv/lib/python3.10/site-packages:${PYTHONPATH} /usr/bin/python3 setup.py egg_info --egg-base ../../../build/learning_cv build --build-base /home/holic/dev_ws/build/learning_cv/build install --record /home/holic/dev_ws/build/learning_cv/install.log --single-version-externally-managed
[3.372s] DEBUG:colcon.colcon_core.event_handler.log_command:Invoked command in '/home/holic/dev_ws/src/ros2_tutorials/learning_cv' returned '0': PYTHONPATH=/home/holic/dev_ws/build/learning_cv/prefix_override:/home/holic/dev_ws/install/learning_cv/lib/python3.10/site-packages:${PYTHONPATH} /usr/bin/python3 setup.py egg_info --egg-base ../../../build/learning_cv build --build-base /home/holic/dev_ws/build/learning_cv/build install --record /home/holic/dev_ws/build/learning_cv/install.log --single-version-externally-managed
[3.417s] Level 1:colcon.colcon_core.environment:checking '/home/holic/dev_ws/install/learning_cv' for CMake module files
[3.418s] Level 1:colcon.colcon_core.environment:checking '/home/holic/dev_ws/install/learning_cv' for CMake config files
[3.419s] Level 1:colcon.colcon_core.environment:checking '/home/holic/dev_ws/install/learning_cv/lib'
[3.419s] Level 1:colcon.colcon_core.environment:checking '/home/holic/dev_ws/install/learning_cv/bin'
[3.420s] Level 1:colcon.colcon_core.environment:checking '/home/holic/dev_ws/install/learning_cv/lib/pkgconfig/learning_cv.pc'
[3.420s] Level 1:colcon.colcon_core.environment:checking '/home/holic/dev_ws/install/learning_cv/lib/python3.10/site-packages'
[3.420s] Level 1:colcon.colcon_core.shell:create_environment_hook('learning_cv', 'pythonpath')
[3.451s] INFO:colcon.colcon_core.shell:Creating environment descriptor '/home/holic/dev_ws/install/learning_cv/share/learning_cv/hook/pythonpath.dsv'
[3.453s] INFO:colcon.colcon_core.shell:Creating environment hook '/home/holic/dev_ws/install/learning_cv/share/learning_cv/hook/pythonpath.sh'
[3.454s] Level 1:colcon.colcon_core.environment:checking '/home/holic/dev_ws/install/learning_cv/bin'
[3.454s] Level 1:colcon.colcon_core.environment:create_environment_scripts_only(learning_cv)
[3.481s] INFO:colcon.colcon_core.shell:Creating package descriptor '/home/holic/dev_ws/install/learning_cv/share/learning_cv/package.dsv'
[3.482s] INFO:colcon.colcon_core.shell:Creating package script '/home/holic/dev_ws/install/learning_cv/share/learning_cv/package.sh'
[3.484s] Level 1:colcon.colcon_core.environment:create_file_with_runtime_dependencies(/home/holic/dev_ws/install/learning_cv/share/colcon-core/packages/learning_cv)
[3.484s] DEBUG:colcon.colcon_core.executor.sequential:run_until_complete 'learning_cv' finished with '0'
[3.484s] DEBUG:colcon.colcon_core.executor.sequential:run_until_complete 'learning_gazebo'
[3.484s] INFO:colcon.colcon_ros.task.ament_python.build:Building ROS package in '/home/holic/dev_ws/src/ros2_tutorials/learning_gazebo' with build type 'ament_python'
[3.485s] Level 1:colcon.colcon_core.shell:create_environment_hook('learning_gazebo', 'ament_prefix_path')
[3.505s] INFO:colcon.colcon_core.shell:Creating environment descriptor '/home/holic/dev_ws/install/learning_gazebo/share/learning_gazebo/hook/ament_prefix_path.dsv'
[3.506s] INFO:colcon.colcon_core.shell:Creating environment hook '/home/holic/dev_ws/install/learning_gazebo/share/learning_gazebo/hook/ament_prefix_path.sh'
[3.527s] DEBUG:colcon.colcon_core.shell:Skip shell extension 'dsv' for command environment
[3.963s] INFO:colcon.colcon_core.task.python.build:Building Python package in '/home/holic/dev_ws/src/ros2_tutorials/learning_gazebo'
[3.986s] DEBUG:colcon.colcon_core.shell:Skip shell extension 'dsv' for command environment
[4.514s] DEBUG:colcon.colcon_core.event_handler.log_command:Invoking command in '/home/holic/dev_ws/src/ros2_tutorials/learning_gazebo': PYTHONPATH=/home/holic/dev_ws/build/learning_gazebo/prefix_override:/home/holic/dev_ws/install/learning_gazebo/lib/python3.10/site-packages:${PYTHONPATH} /usr/bin/python3 setup.py egg_info --egg-base ../../../build/learning_gazebo build --build-base /home/holic/dev_ws/build/learning_gazebo/build install --record /home/holic/dev_ws/build/learning_gazebo/install.log --single-version-externally-managed
[5.051s] DEBUG:colcon.colcon_core.event_handler.log_command:Invoked command in '/home/holic/dev_ws/src/ros2_tutorials/learning_gazebo' returned '0': PYTHONPATH=/home/holic/dev_ws/build/learning_gazebo/prefix_override:/home/holic/dev_ws/install/learning_gazebo/lib/python3.10/site-packages:${PYTHONPATH} /usr/bin/python3 setup.py egg_info --egg-base ../../../build/learning_gazebo build --build-base /home/holic/dev_ws/build/learning_gazebo/build install --record /home/holic/dev_ws/build/learning_gazebo/install.log --single-version-externally-managed
[5.079s] Level 1:colcon.colcon_core.environment:checking '/home/holic/dev_ws/install/learning_gazebo' for CMake module files
[5.080s] Level 1:colcon.colcon_core.environment:checking '/home/holic/dev_ws/install/learning_gazebo' for CMake config files
[5.081s] Level 1:colcon.colcon_core.environment:checking '/home/holic/dev_ws/install/learning_gazebo/lib'
[5.081s] Level 1:colcon.colcon_core.environment:checking '/home/holic/dev_ws/install/learning_gazebo/bin'
[5.081s] Level 1:colcon.colcon_core.environment:checking '/home/holic/dev_ws/install/learning_gazebo/lib/pkgconfig/learning_gazebo.pc'
[5.082s] Level 1:colcon.colcon_core.environment:checking '/home/holic/dev_ws/install/learning_gazebo/lib/python3.10/site-packages'
[5.082s] Level 1:colcon.colcon_core.shell:create_environment_hook('learning_gazebo', 'pythonpath')
[5.102s] INFO:colcon.colcon_core.shell:Creating environment descriptor '/home/holic/dev_ws/install/learning_gazebo/share/learning_gazebo/hook/pythonpath.dsv'
[5.103s] INFO:colcon.colcon_core.shell:Creating environment hook '/home/holic/dev_ws/install/learning_gazebo/share/learning_gazebo/hook/pythonpath.sh'
[5.105s] Level 1:colcon.colcon_core.environment:checking '/home/holic/dev_ws/install/learning_gazebo/bin'
[5.105s] Level 1:colcon.colcon_core.environment:create_environment_scripts_only(learning_gazebo)
[5.134s] INFO:colcon.colcon_core.shell:Creating package descriptor '/home/holic/dev_ws/install/learning_gazebo/share/learning_gazebo/package.dsv'
[5.135s] INFO:colcon.colcon_core.shell:Creating package script '/home/holic/dev_ws/install/learning_gazebo/share/learning_gazebo/package.sh'
[5.136s] Level 1:colcon.colcon_core.environment:create_file_with_runtime_dependencies(/home/holic/dev_ws/install/learning_gazebo/share/colcon-core/packages/learning_gazebo)
[5.136s] DEBUG:colcon.colcon_core.executor.sequential:run_until_complete 'learning_gazebo' finished with '0'
[5.136s] DEBUG:colcon.colcon_core.executor.sequential:run_until_complete 'learning_interface'
[5.136s] INFO:colcon.colcon_ros.task.ament_cmake.build:Building ROS package in '/home/holic/dev_ws/src/ros2_tutorials/learning_interface' with build type 'ament_cmake'
[5.136s] INFO:colcon.colcon_cmake.task.cmake.build:Building CMake package in '/home/holic/dev_ws/src/ros2_tutorials/learning_interface'
[5.159s] DEBUG:colcon.colcon_core.shell:Skip shell extension 'dsv' for command environment
[5.277s] DEBUG:colcon.colcon_core.event_handler.log_command:Invoking command in '/home/holic/dev_ws/build/learning_interface': CMAKE_PREFIX_PATH=${CMAKE_PREFIX_PATH}:/home/holic/dev_ws/install/learning_urdf:/home/holic/dev_ws/install/learning_topic:/home/holic/dev_ws/install/learning_tf:/home/holic/dev_ws/install/learning_service:/home/holic/dev_ws/install/learning_qos:/home/holic/dev_ws/install/learning_pkg_python:/home/holic/dev_ws/install/learning_parameter:/home/holic/dev_ws/install/learning_node:/home/holic/dev_ws/install/learning_launch:/home/holic/dev_ws/install/learning_action:/home/holic/dev_ws/install/learning_gazebo:/home/holic/dev_ws/install/learning_cv:/opt/ros/humble /usr/bin/cmake --build /home/holic/dev_ws/build/learning_interface -- -j4 -l4
[5.356s] DEBUG:colcon.colcon_core.event_handler.log_command:Invoked command in '/home/holic/dev_ws/build/learning_interface' returned '2': CMAKE_PREFIX_PATH=${CMAKE_PREFIX_PATH}:/home/holic/dev_ws/install/learning_urdf:/home/holic/dev_ws/install/learning_topic:/home/holic/dev_ws/install/learning_tf:/home/holic/dev_ws/install/learning_service:/home/holic/dev_ws/install/learning_qos:/home/holic/dev_ws/install/learning_pkg_python:/home/holic/dev_ws/install/learning_parameter:/home/holic/dev_ws/install/learning_node:/home/holic/dev_ws/install/learning_launch:/home/holic/dev_ws/install/learning_action:/home/holic/dev_ws/install/learning_gazebo:/home/holic/dev_ws/install/learning_cv:/opt/ros/humble /usr/bin/cmake --build /home/holic/dev_ws/build/learning_interface -- -j4 -l4
[5.609s] Level 1:colcon.colcon_core.environment:create_environment_scripts_only(learning_interface)
[5.623s] Level 1:colcon.colcon_core.environment:checking '/home/holic/dev_ws/install/learning_interface' for CMake module files
[5.623s] Level 1:colcon.colcon_core.environment:checking '/home/holic/dev_ws/install/learning_interface' for CMake config files
[5.624s] Level 1:colcon.colcon_core.shell:create_environment_hook('learning_interface', 'cmake_prefix_path')
[5.640s] INFO:colcon.colcon_core.shell:Creating environment descriptor '/home/holic/dev_ws/install/learning_interface/share/learning_interface/hook/cmake_prefix_path.dsv'
[5.642s] INFO:colcon.colcon_core.shell:Creating environment hook '/home/holic/dev_ws/install/learning_interface/share/learning_interface/hook/cmake_prefix_path.sh'
[5.643s] Level 1:colcon.colcon_core.environment:checking '/home/holic/dev_ws/install/learning_interface/lib'
[5.643s] Level 1:colcon.colcon_core.shell:create_environment_hook('learning_interface', 'ld_library_path_lib')
[5.663s] INFO:colcon.colcon_core.shell:Creating environment descriptor '/home/holic/dev_ws/install/learning_interface/share/learning_interface/hook/ld_library_path_lib.dsv'
[5.663s] INFO:colcon.colcon_core.shell:Creating environment hook '/home/holic/dev_ws/install/learning_interface/share/learning_interface/hook/ld_library_path_lib.sh'
[5.664s] Level 1:colcon.colcon_core.environment:checking '/home/holic/dev_ws/install/learning_interface/bin'
[5.664s] Level 1:colcon.colcon_core.environment:checking '/home/holic/dev_ws/install/learning_interface/lib/pkgconfig/learning_interface.pc'
[5.664s] Level 1:colcon.colcon_core.environment:checking '/home/holic/dev_ws/install/learning_interface/lib/python3.10/site-packages'
[5.664s] Level 1:colcon.colcon_core.environment:checking '/home/holic/dev_ws/install/learning_interface/bin'
[5.680s] INFO:colcon.colcon_core.shell:Creating package descriptor '/home/holic/dev_ws/install/learning_interface/share/learning_interface/package.dsv'
[5.681s] INFO:colcon.colcon_core.shell:Creating package script '/home/holic/dev_ws/install/learning_interface/share/learning_interface/package.sh'
[5.681s] Level 1:colcon.colcon_core.environment:create_file_with_runtime_dependencies(/home/holic/dev_ws/install/learning_interface/share/colcon-core/packages/learning_interface)
[5.682s] DEBUG:colcon.colcon_core.executor.sequential:run_until_complete 'learning_interface' finished with '2'
[5.682s] DEBUG:colcon.colcon_core.executor.sequential:closing loop
[5.682s] DEBUG:colcon.colcon_core.executor.sequential:loop closed
[5.682s] DEBUG:colcon.colcon_core.event_reactor:joining thread
[5.683s] DEBUG:colcon.colcon_core.event_reactor:joined thread
[5.706s] INFO:colcon.colcon_core.shell:Creating prefix script '/home/holic/dev_ws/install/local_setup.sh'
[5.709s] INFO:colcon.colcon_core.shell:Creating prefix util module '/home/holic/dev_ws/install/_local_setup_util_sh.py'
[5.712s] INFO:colcon.colcon_core.shell:Creating prefix chain script '/home/holic/dev_ws/install/setup.sh'
