[0.246s] DEBUG:colcon:Command line arguments: ['/usr/bin/colcon', 'build']
[0.246s] DEBUG:colcon:Parsed command line arguments: Namespace(log_base=None, log_level=None, verb_name='build', build_base='build', install_base='install', merge_install=False, symlink_install=False, test_result_base=None, continue_on_error=False, executor='sequential', event_handlers=None, base_paths=['.'], paths=None, cmake_args=None, cmake_target=None, cmake_target_skip_unavailable=False, cmake_clean_cache=False, cmake_clean_first=False, cmake_force_configure=False, ament_cmake_args=None, catkin_cmake_args=None, catkin_skip_building_tests=False, verb_parser=CustomArgumentParser(prog='colcon build', usage=None, description='Build a set of packages.', formatter_class=<class 'colcon_core.command.CustomFormatter'>, conflict_handler='error', add_help=True), verb_extension=<colcon_core.verb.build.BuildVerb object at 0x7fea4798f910>, main=<bound method BuildVerb.main of <colcon_core.verb.build.BuildVerb object at 0x7fea4798f910>>)
[0.826s] Level 1:colcon.colcon_core.package_discovery:discover_packages(recursive) check parameters
[0.826s] Level 1:colcon.colcon_core.package_discovery:discover_packages(path) check parameters
[0.826s] Level 1:colcon.colcon_core.package_discovery:discover_packages(recursive) discover
[0.826s] INFO:colcon.colcon_core.package_discovery:Crawling recursively for packages in '/home/holic/dev_ws'
[0.826s] Level 1:colcon.colcon_core.package_identification:_identify(.) by extensions ['ignore', 'ignore_ament_install']
[0.826s] Level 1:colcon.colcon_core.package_identification:_identify(.) by extension 'ignore'
[0.826s] Level 1:colcon.colcon_core.package_identification:_identify(.) by extension 'ignore_ament_install'
[0.826s] Level 1:colcon.colcon_core.package_identification:_identify(.) by extensions ['ros']
[0.827s] Level 1:colcon.colcon_core.package_identification:_identify(.) by extension 'ros'
[0.849s] Level 1:colcon.colcon_core.package_identification:_identify(.) by extensions ['cmake', 'python']
[0.849s] Level 1:colcon.colcon_core.package_identification:_identify(.) by extension 'cmake'
[0.849s] Level 1:colcon.colcon_core.package_identification:_identify(.) by extension 'python'
[0.849s] Level 1:colcon.colcon_core.package_identification:_identify(.) by extensions ['python_setup_py']
[0.849s] Level 1:colcon.colcon_core.package_identification:_identify(.) by extension 'python_setup_py'
[0.849s] Level 1:colcon.colcon_core.package_identification:_identify(build) by extensions ['ignore', 'ignore_ament_install']
[0.850s] Level 1:colcon.colcon_core.package_identification:_identify(build) by extension 'ignore'
[0.850s] Level 1:colcon.colcon_core.package_identification:_identify(build) ignored
[0.850s] Level 1:colcon.colcon_core.package_identification:_identify(install) by extensions ['ignore', 'ignore_ament_install']
[0.850s] Level 1:colcon.colcon_core.package_identification:_identify(install) by extension 'ignore'
[0.850s] Level 1:colcon.colcon_core.package_identification:_identify(install) ignored
[0.850s] Level 1:colcon.colcon_core.package_identification:_identify(log) by extensions ['ignore', 'ignore_ament_install']
[0.851s] Level 1:colcon.colcon_core.package_identification:_identify(log) by extension 'ignore'
[0.851s] Level 1:colcon.colcon_core.package_identification:_identify(log) ignored
[0.851s] Level 1:colcon.colcon_core.package_identification:_identify(src) by extensions ['ignore', 'ignore_ament_install']
[0.851s] Level 1:colcon.colcon_core.package_identification:_identify(src) by extension 'ignore'
[0.851s] Level 1:colcon.colcon_core.package_identification:_identify(src) by extension 'ignore_ament_install'
[0.851s] Level 1:colcon.colcon_core.package_identification:_identify(src) by extensions ['ros']
[0.851s] Level 1:colcon.colcon_core.package_identification:_identify(src) by extension 'ros'
[0.851s] Level 1:colcon.colcon_core.package_identification:_identify(src) by extensions ['cmake', 'python']
[0.851s] Level 1:colcon.colcon_core.package_identification:_identify(src) by extension 'cmake'
[0.852s] Level 1:colcon.colcon_core.package_identification:_identify(src) by extension 'python'
[0.852s] Level 1:colcon.colcon_core.package_identification:_identify(src) by extensions ['python_setup_py']
[0.852s] Level 1:colcon.colcon_core.package_identification:_identify(src) by extension 'python_setup_py'
[0.853s] Level 1:colcon.colcon_core.package_identification:_identify(src/learning_pkg_c) by extensions ['ignore', 'ignore_ament_install']
[0.853s] Level 1:colcon.colcon_core.package_identification:_identify(src/learning_pkg_c) by extension 'ignore'
[0.853s] Level 1:colcon.colcon_core.package_identification:_identify(src/learning_pkg_c) by extension 'ignore_ament_install'
[0.853s] Level 1:colcon.colcon_core.package_identification:_identify(src/learning_pkg_c) by extensions ['ros']
[0.853s] Level 1:colcon.colcon_core.package_identification:_identify(src/learning_pkg_c) by extension 'ros'
[0.860s] DEBUG:colcon.colcon_core.package_identification:Package 'src/learning_pkg_c' with type 'ros.ament_cmake' and name 'learning_pkg_c'
[0.860s] Level 1:colcon.colcon_core.package_identification:_identify(src/learning_pkg_python) by extensions ['ignore', 'ignore_ament_install']
[0.861s] Level 1:colcon.colcon_core.package_identification:_identify(src/learning_pkg_python) by extension 'ignore'
[0.861s] Level 1:colcon.colcon_core.package_identification:_identify(src/learning_pkg_python) by extension 'ignore_ament_install'
[0.861s] Level 1:colcon.colcon_core.package_identification:_identify(src/learning_pkg_python) by extensions ['ros']
[0.861s] Level 1:colcon.colcon_core.package_identification:_identify(src/learning_pkg_python) by extension 'ros'
[0.862s] DEBUG:colcon.colcon_core.package_identification:Package 'src/learning_pkg_python' with type 'ros.ament_python' and name 'learning_pkg_python'
[0.862s] Level 1:colcon.colcon_core.package_identification:_identify(src/ros2_21_tutorials) by extensions ['ignore', 'ignore_ament_install']
[0.862s] Level 1:colcon.colcon_core.package_identification:_identify(src/ros2_21_tutorials) by extension 'ignore'
[0.862s] Level 1:colcon.colcon_core.package_identification:_identify(src/ros2_21_tutorials) by extension 'ignore_ament_install'
[0.862s] Level 1:colcon.colcon_core.package_identification:_identify(src/ros2_21_tutorials) by extensions ['ros']
[0.862s] Level 1:colcon.colcon_core.package_identification:_identify(src/ros2_21_tutorials) by extension 'ros'
[0.862s] Level 1:colcon.colcon_core.package_identification:_identify(src/ros2_21_tutorials) by extensions ['cmake', 'python']
[0.862s] Level 1:colcon.colcon_core.package_identification:_identify(src/ros2_21_tutorials) by extension 'cmake'
[0.863s] Level 1:colcon.colcon_core.package_identification:_identify(src/ros2_21_tutorials) by extension 'python'
[0.863s] Level 1:colcon.colcon_core.package_identification:_identify(src/ros2_21_tutorials) by extensions ['python_setup_py']
[0.863s] Level 1:colcon.colcon_core.package_identification:_identify(src/ros2_21_tutorials) by extension 'python_setup_py'
[0.863s] Level 1:colcon.colcon_core.package_identification:_identify(src/ros2_21_tutorials/docs) by extensions ['ignore', 'ignore_ament_install']
[0.863s] Level 1:colcon.colcon_core.package_identification:_identify(src/ros2_21_tutorials/docs) by extension 'ignore'
[0.863s] Level 1:colcon.colcon_core.package_identification:_identify(src/ros2_21_tutorials/docs) by extension 'ignore_ament_install'
[0.863s] Level 1:colcon.colcon_core.package_identification:_identify(src/ros2_21_tutorials/docs) by extensions ['ros']
[0.863s] Level 1:colcon.colcon_core.package_identification:_identify(src/ros2_21_tutorials/docs) by extension 'ros'
[0.863s] Level 1:colcon.colcon_core.package_identification:_identify(src/ros2_21_tutorials/docs) by extensions ['cmake', 'python']
[0.863s] Level 1:colcon.colcon_core.package_identification:_identify(src/ros2_21_tutorials/docs) by extension 'cmake'
[0.863s] Level 1:colcon.colcon_core.package_identification:_identify(src/ros2_21_tutorials/docs) by extension 'python'
[0.864s] Level 1:colcon.colcon_core.package_identification:_identify(src/ros2_21_tutorials/docs) by extensions ['python_setup_py']
[0.864s] Level 1:colcon.colcon_core.package_identification:_identify(src/ros2_21_tutorials/docs) by extension 'python_setup_py'
[0.864s] Level 1:colcon.colcon_core.package_identification:_identify(src/ros2_21_tutorials/learning_action) by extensions ['ignore', 'ignore_ament_install']
[0.864s] Level 1:colcon.colcon_core.package_identification:_identify(src/ros2_21_tutorials/learning_action) by extension 'ignore'
[0.864s] Level 1:colcon.colcon_core.package_identification:_identify(src/ros2_21_tutorials/learning_action) by extension 'ignore_ament_install'
[0.864s] Level 1:colcon.colcon_core.package_identification:_identify(src/ros2_21_tutorials/learning_action) by extensions ['ros']
[0.864s] Level 1:colcon.colcon_core.package_identification:_identify(src/ros2_21_tutorials/learning_action) by extension 'ros'
[0.865s] DEBUG:colcon.colcon_core.package_identification:Package 'src/ros2_21_tutorials/learning_action' with type 'ros.ament_python' and name 'learning_action'
[0.866s] Level 1:colcon.colcon_core.package_identification:_identify(src/ros2_21_tutorials/learning_action_cpp) by extensions ['ignore', 'ignore_ament_install']
[0.866s] Level 1:colcon.colcon_core.package_identification:_identify(src/ros2_21_tutorials/learning_action_cpp) by extension 'ignore'
[0.866s] Level 1:colcon.colcon_core.package_identification:_identify(src/ros2_21_tutorials/learning_action_cpp) by extension 'ignore_ament_install'
[0.866s] Level 1:colcon.colcon_core.package_identification:_identify(src/ros2_21_tutorials/learning_action_cpp) by extensions ['ros']
[0.866s] Level 1:colcon.colcon_core.package_identification:_identify(src/ros2_21_tutorials/learning_action_cpp) by extension 'ros'
[0.867s] DEBUG:colcon.colcon_core.package_identification:Package 'src/ros2_21_tutorials/learning_action_cpp' with type 'ros.ament_cmake' and name 'learning_action_cpp'
[0.867s] Level 1:colcon.colcon_core.package_identification:_identify(src/ros2_21_tutorials/learning_cv) by extensions ['ignore', 'ignore_ament_install']
[0.867s] Level 1:colcon.colcon_core.package_identification:_identify(src/ros2_21_tutorials/learning_cv) by extension 'ignore'
[0.868s] Level 1:colcon.colcon_core.package_identification:_identify(src/ros2_21_tutorials/learning_cv) by extension 'ignore_ament_install'
[0.868s] Level 1:colcon.colcon_core.package_identification:_identify(src/ros2_21_tutorials/learning_cv) by extensions ['ros']
[0.868s] Level 1:colcon.colcon_core.package_identification:_identify(src/ros2_21_tutorials/learning_cv) by extension 'ros'
[0.868s] DEBUG:colcon.colcon_core.package_identification:Package 'src/ros2_21_tutorials/learning_cv' with type 'ros.ament_python' and name 'learning_cv'
[0.869s] Level 1:colcon.colcon_core.package_identification:_identify(src/ros2_21_tutorials/learning_gazebo) by extensions ['ignore', 'ignore_ament_install']
[0.869s] Level 1:colcon.colcon_core.package_identification:_identify(src/ros2_21_tutorials/learning_gazebo) by extension 'ignore'
[0.869s] Level 1:colcon.colcon_core.package_identification:_identify(src/ros2_21_tutorials/learning_gazebo) by extension 'ignore_ament_install'
[0.869s] Level 1:colcon.colcon_core.package_identification:_identify(src/ros2_21_tutorials/learning_gazebo) by extensions ['ros']
[0.869s] Level 1:colcon.colcon_core.package_identification:_identify(src/ros2_21_tutorials/learning_gazebo) by extension 'ros'
[0.870s] DEBUG:colcon.colcon_core.package_identification:Package 'src/ros2_21_tutorials/learning_gazebo' with type 'ros.ament_python' and name 'learning_gazebo'
[0.870s] Level 1:colcon.colcon_core.package_identification:_identify(src/ros2_21_tutorials/learning_interface) by extensions ['ignore', 'ignore_ament_install']
[0.870s] Level 1:colcon.colcon_core.package_identification:_identify(src/ros2_21_tutorials/learning_interface) by extension 'ignore'
[0.870s] Level 1:colcon.colcon_core.package_identification:_identify(src/ros2_21_tutorials/learning_interface) by extension 'ignore_ament_install'
[0.870s] Level 1:colcon.colcon_core.package_identification:_identify(src/ros2_21_tutorials/learning_interface) by extensions ['ros']
[0.870s] Level 1:colcon.colcon_core.package_identification:_identify(src/ros2_21_tutorials/learning_interface) by extension 'ros'
[0.871s] DEBUG:colcon.colcon_core.package_identification:Package 'src/ros2_21_tutorials/learning_interface' with type 'ros.ament_cmake' and name 'learning_interface'
[0.871s] Level 1:colcon.colcon_core.package_identification:_identify(src/ros2_21_tutorials/learning_launch) by extensions ['ignore', 'ignore_ament_install']
[0.871s] Level 1:colcon.colcon_core.package_identification:_identify(src/ros2_21_tutorials/learning_launch) by extension 'ignore'
[0.871s] Level 1:colcon.colcon_core.package_identification:_identify(src/ros2_21_tutorials/learning_launch) by extension 'ignore_ament_install'
[0.872s] Level 1:colcon.colcon_core.package_identification:_identify(src/ros2_21_tutorials/learning_launch) by extensions ['ros']
[0.872s] Level 1:colcon.colcon_core.package_identification:_identify(src/ros2_21_tutorials/learning_launch) by extension 'ros'
[0.873s] DEBUG:colcon.colcon_core.package_identification:Package 'src/ros2_21_tutorials/learning_launch' with type 'ros.ament_python' and name 'learning_launch'
[0.873s] Level 1:colcon.colcon_core.package_identification:_identify(src/ros2_21_tutorials/learning_node) by extensions ['ignore', 'ignore_ament_install']
[0.873s] Level 1:colcon.colcon_core.package_identification:_identify(src/ros2_21_tutorials/learning_node) by extension 'ignore'
[0.873s] Level 1:colcon.colcon_core.package_identification:_identify(src/ros2_21_tutorials/learning_node) by extension 'ignore_ament_install'
[0.873s] Level 1:colcon.colcon_core.package_identification:_identify(src/ros2_21_tutorials/learning_node) by extensions ['ros']
[0.873s] Level 1:colcon.colcon_core.package_identification:_identify(src/ros2_21_tutorials/learning_node) by extension 'ros'
[0.874s] DEBUG:colcon.colcon_core.package_identification:Package 'src/ros2_21_tutorials/learning_node' with type 'ros.ament_python' and name 'learning_node'
[0.874s] Level 1:colcon.colcon_core.package_identification:_identify(src/ros2_21_tutorials/learning_node_cpp) by extensions ['ignore', 'ignore_ament_install']
[0.874s] Level 1:colcon.colcon_core.package_identification:_identify(src/ros2_21_tutorials/learning_node_cpp) by extension 'ignore'
[0.874s] Level 1:colcon.colcon_core.package_identification:_identify(src/ros2_21_tutorials/learning_node_cpp) by extension 'ignore_ament_install'
[0.875s] Level 1:colcon.colcon_core.package_identification:_identify(src/ros2_21_tutorials/learning_node_cpp) by extensions ['ros']
[0.875s] Level 1:colcon.colcon_core.package_identification:_identify(src/ros2_21_tutorials/learning_node_cpp) by extension 'ros'
[0.875s] DEBUG:colcon.colcon_core.package_identification:Package 'src/ros2_21_tutorials/learning_node_cpp' with type 'ros.ament_cmake' and name 'learning_node_cpp'
[0.875s] Level 1:colcon.colcon_core.package_identification:_identify(src/ros2_21_tutorials/learning_parameter) by extensions ['ignore', 'ignore_ament_install']
[0.876s] Level 1:colcon.colcon_core.package_identification:_identify(src/ros2_21_tutorials/learning_parameter) by extension 'ignore'
[0.876s] Level 1:colcon.colcon_core.package_identification:_identify(src/ros2_21_tutorials/learning_parameter) by extension 'ignore_ament_install'
[0.876s] Level 1:colcon.colcon_core.package_identification:_identify(src/ros2_21_tutorials/learning_parameter) by extensions ['ros']
[0.876s] Level 1:colcon.colcon_core.package_identification:_identify(src/ros2_21_tutorials/learning_parameter) by extension 'ros'
[0.877s] DEBUG:colcon.colcon_core.package_identification:Package 'src/ros2_21_tutorials/learning_parameter' with type 'ros.ament_python' and name 'learning_parameter'
[0.877s] Level 1:colcon.colcon_core.package_identification:_identify(src/ros2_21_tutorials/learning_parameter_cpp) by extensions ['ignore', 'ignore_ament_install']
[0.877s] Level 1:colcon.colcon_core.package_identification:_identify(src/ros2_21_tutorials/learning_parameter_cpp) by extension 'ignore'
[0.877s] Level 1:colcon.colcon_core.package_identification:_identify(src/ros2_21_tutorials/learning_parameter_cpp) by extension 'ignore_ament_install'
[0.877s] Level 1:colcon.colcon_core.package_identification:_identify(src/ros2_21_tutorials/learning_parameter_cpp) by extensions ['ros']
[0.877s] Level 1:colcon.colcon_core.package_identification:_identify(src/ros2_21_tutorials/learning_parameter_cpp) by extension 'ros'
[0.878s] DEBUG:colcon.colcon_core.package_identification:Package 'src/ros2_21_tutorials/learning_parameter_cpp' with type 'ros.ament_cmake' and name 'learning_parameter_cpp'
[0.878s] Level 1:colcon.colcon_core.package_identification:_identify(src/ros2_21_tutorials/learning_pkg_c) by extensions ['ignore', 'ignore_ament_install']
[0.878s] Level 1:colcon.colcon_core.package_identification:_identify(src/ros2_21_tutorials/learning_pkg_c) by extension 'ignore'
[0.878s] Level 1:colcon.colcon_core.package_identification:_identify(src/ros2_21_tutorials/learning_pkg_c) by extension 'ignore_ament_install'
[0.879s] Level 1:colcon.colcon_core.package_identification:_identify(src/ros2_21_tutorials/learning_pkg_c) by extensions ['ros']
[0.879s] Level 1:colcon.colcon_core.package_identification:_identify(src/ros2_21_tutorials/learning_pkg_c) by extension 'ros'
[0.879s] DEBUG:colcon.colcon_core.package_identification:Package 'src/ros2_21_tutorials/learning_pkg_c' with type 'ros.ament_cmake' and name 'learning_pkg_c'
[0.879s] Level 1:colcon.colcon_core.package_identification:_identify(src/ros2_21_tutorials/learning_pkg_python) by extensions ['ignore', 'ignore_ament_install']
[0.880s] Level 1:colcon.colcon_core.package_identification:_identify(src/ros2_21_tutorials/learning_pkg_python) by extension 'ignore'
[0.880s] Level 1:colcon.colcon_core.package_identification:_identify(src/ros2_21_tutorials/learning_pkg_python) by extension 'ignore_ament_install'
[0.880s] Level 1:colcon.colcon_core.package_identification:_identify(src/ros2_21_tutorials/learning_pkg_python) by extensions ['ros']
[0.880s] Level 1:colcon.colcon_core.package_identification:_identify(src/ros2_21_tutorials/learning_pkg_python) by extension 'ros'
[0.881s] DEBUG:colcon.colcon_core.package_identification:Package 'src/ros2_21_tutorials/learning_pkg_python' with type 'ros.ament_python' and name 'learning_pkg_python'
[0.881s] Level 1:colcon.colcon_core.package_identification:_identify(src/ros2_21_tutorials/learning_qos) by extensions ['ignore', 'ignore_ament_install']
[0.881s] Level 1:colcon.colcon_core.package_identification:_identify(src/ros2_21_tutorials/learning_qos) by extension 'ignore'
[0.881s] Level 1:colcon.colcon_core.package_identification:_identify(src/ros2_21_tutorials/learning_qos) by extension 'ignore_ament_install'
[0.881s] Level 1:colcon.colcon_core.package_identification:_identify(src/ros2_21_tutorials/learning_qos) by extensions ['ros']
[0.881s] Level 1:colcon.colcon_core.package_identification:_identify(src/ros2_21_tutorials/learning_qos) by extension 'ros'
[0.882s] DEBUG:colcon.colcon_core.package_identification:Package 'src/ros2_21_tutorials/learning_qos' with type 'ros.ament_python' and name 'learning_qos'
[0.882s] Level 1:colcon.colcon_core.package_identification:_identify(src/ros2_21_tutorials/learning_service) by extensions ['ignore', 'ignore_ament_install']
[0.882s] Level 1:colcon.colcon_core.package_identification:_identify(src/ros2_21_tutorials/learning_service) by extension 'ignore'
[0.882s] Level 1:colcon.colcon_core.package_identification:_identify(src/ros2_21_tutorials/learning_service) by extension 'ignore_ament_install'
[0.882s] Level 1:colcon.colcon_core.package_identification:_identify(src/ros2_21_tutorials/learning_service) by extensions ['ros']
[0.882s] Level 1:colcon.colcon_core.package_identification:_identify(src/ros2_21_tutorials/learning_service) by extension 'ros'
[0.883s] DEBUG:colcon.colcon_core.package_identification:Package 'src/ros2_21_tutorials/learning_service' with type 'ros.ament_python' and name 'learning_service'
[0.883s] Level 1:colcon.colcon_core.package_identification:_identify(src/ros2_21_tutorials/learning_service_cpp) by extensions ['ignore', 'ignore_ament_install']
[0.883s] Level 1:colcon.colcon_core.package_identification:_identify(src/ros2_21_tutorials/learning_service_cpp) by extension 'ignore'
[0.883s] Level 1:colcon.colcon_core.package_identification:_identify(src/ros2_21_tutorials/learning_service_cpp) by extension 'ignore_ament_install'
[0.884s] Level 1:colcon.colcon_core.package_identification:_identify(src/ros2_21_tutorials/learning_service_cpp) by extensions ['ros']
[0.884s] Level 1:colcon.colcon_core.package_identification:_identify(src/ros2_21_tutorials/learning_service_cpp) by extension 'ros'
[0.884s] DEBUG:colcon.colcon_core.package_identification:Package 'src/ros2_21_tutorials/learning_service_cpp' with type 'ros.ament_cmake' and name 'learning_service_cpp'
[0.885s] Level 1:colcon.colcon_core.package_identification:_identify(src/ros2_21_tutorials/learning_tf) by extensions ['ignore', 'ignore_ament_install']
[0.885s] Level 1:colcon.colcon_core.package_identification:_identify(src/ros2_21_tutorials/learning_tf) by extension 'ignore'
[0.885s] Level 1:colcon.colcon_core.package_identification:_identify(src/ros2_21_tutorials/learning_tf) by extension 'ignore_ament_install'
[0.885s] Level 1:colcon.colcon_core.package_identification:_identify(src/ros2_21_tutorials/learning_tf) by extensions ['ros']
[0.885s] Level 1:colcon.colcon_core.package_identification:_identify(src/ros2_21_tutorials/learning_tf) by extension 'ros'
[0.886s] DEBUG:colcon.colcon_core.package_identification:Package 'src/ros2_21_tutorials/learning_tf' with type 'ros.ament_python' and name 'learning_tf'
[0.886s] Level 1:colcon.colcon_core.package_identification:_identify(src/ros2_21_tutorials/learning_topic) by extensions ['ignore', 'ignore_ament_install']
[0.886s] Level 1:colcon.colcon_core.package_identification:_identify(src/ros2_21_tutorials/learning_topic) by extension 'ignore'
[0.886s] Level 1:colcon.colcon_core.package_identification:_identify(src/ros2_21_tutorials/learning_topic) by extension 'ignore_ament_install'
[0.886s] Level 1:colcon.colcon_core.package_identification:_identify(src/ros2_21_tutorials/learning_topic) by extensions ['ros']
[0.886s] Level 1:colcon.colcon_core.package_identification:_identify(src/ros2_21_tutorials/learning_topic) by extension 'ros'
[0.887s] DEBUG:colcon.colcon_core.package_identification:Package 'src/ros2_21_tutorials/learning_topic' with type 'ros.ament_python' and name 'learning_topic'
[0.887s] Level 1:colcon.colcon_core.package_identification:_identify(src/ros2_21_tutorials/learning_topic_cpp) by extensions ['ignore', 'ignore_ament_install']
[0.887s] Level 1:colcon.colcon_core.package_identification:_identify(src/ros2_21_tutorials/learning_topic_cpp) by extension 'ignore'
[0.887s] Level 1:colcon.colcon_core.package_identification:_identify(src/ros2_21_tutorials/learning_topic_cpp) by extension 'ignore_ament_install'
[0.887s] Level 1:colcon.colcon_core.package_identification:_identify(src/ros2_21_tutorials/learning_topic_cpp) by extensions ['ros']
[0.887s] Level 1:colcon.colcon_core.package_identification:_identify(src/ros2_21_tutorials/learning_topic_cpp) by extension 'ros'
[0.888s] DEBUG:colcon.colcon_core.package_identification:Package 'src/ros2_21_tutorials/learning_topic_cpp' with type 'ros.ament_cmake' and name 'learning_topic_cpp'
[0.888s] Level 1:colcon.colcon_core.package_identification:_identify(src/ros2_21_tutorials/learning_urdf) by extensions ['ignore', 'ignore_ament_install']
[0.888s] Level 1:colcon.colcon_core.package_identification:_identify(src/ros2_21_tutorials/learning_urdf) by extension 'ignore'
[0.888s] Level 1:colcon.colcon_core.package_identification:_identify(src/ros2_21_tutorials/learning_urdf) by extension 'ignore_ament_install'
[0.888s] Level 1:colcon.colcon_core.package_identification:_identify(src/ros2_21_tutorials/learning_urdf) by extensions ['ros']
[0.888s] Level 1:colcon.colcon_core.package_identification:_identify(src/ros2_21_tutorials/learning_urdf) by extension 'ros'
[0.889s] DEBUG:colcon.colcon_core.package_identification:Package 'src/ros2_21_tutorials/learning_urdf' with type 'ros.ament_python' and name 'learning_urdf'
[0.890s] Level 1:colcon.colcon_core.package_identification:_identify(src/ros2_21_tutorials/python) by extensions ['ignore', 'ignore_ament_install']
[0.890s] Level 1:colcon.colcon_core.package_identification:_identify(src/ros2_21_tutorials/python) by extension 'ignore'
[0.890s] Level 1:colcon.colcon_core.package_identification:_identify(src/ros2_21_tutorials/python) by extension 'ignore_ament_install'
[0.890s] Level 1:colcon.colcon_core.package_identification:_identify(src/ros2_21_tutorials/python) by extensions ['ros']
[0.890s] Level 1:colcon.colcon_core.package_identification:_identify(src/ros2_21_tutorials/python) by extension 'ros'
[0.890s] Level 1:colcon.colcon_core.package_identification:_identify(src/ros2_21_tutorials/python) by extensions ['cmake', 'python']
[0.890s] Level 1:colcon.colcon_core.package_identification:_identify(src/ros2_21_tutorials/python) by extension 'cmake'
[0.890s] Level 1:colcon.colcon_core.package_identification:_identify(src/ros2_21_tutorials/python) by extension 'python'
[0.890s] Level 1:colcon.colcon_core.package_identification:_identify(src/ros2_21_tutorials/python) by extensions ['python_setup_py']
[0.890s] Level 1:colcon.colcon_core.package_identification:_identify(src/ros2_21_tutorials/python) by extension 'python_setup_py'
[0.891s] Level 1:colcon.colcon_core.package_discovery:discover_packages(recursive) using defaults
[0.891s] Level 1:colcon.colcon_core.package_discovery:discover_packages(path) discover
[0.891s] Level 1:colcon.colcon_core.package_discovery:discover_packages(path) using defaults
[1.017s] ERROR:colcon:colcon build: Duplicate package names not supported:
- learning_pkg_c:
  - src/learning_pkg_c
  - src/ros2_21_tutorials/learning_pkg_c
- learning_pkg_python:
  - src/learning_pkg_python
  - src/ros2_21_tutorials/learning_pkg_python
