[0.271s] DEBUG:colcon:Command line arguments: ['/usr/bin/colcon', 'build']
[0.272s] DEBUG:colcon:Parsed command line arguments: Namespace(log_base=None, log_level=None, verb_name='build', build_base='build', install_base='install', merge_install=False, symlink_install=False, test_result_base=None, continue_on_error=False, executor='sequential', event_handlers=None, base_paths=['.'], paths=None, cmake_args=None, cmake_target=None, cmake_target_skip_unavailable=False, cmake_clean_cache=False, cmake_clean_first=False, cmake_force_configure=False, ament_cmake_args=None, catkin_cmake_args=None, catkin_skip_building_tests=False, verb_parser=CustomArgumentParser(prog='colcon build', usage=None, description='Build a set of packages.', formatter_class=<class 'colcon_core.command.CustomFormatter'>, conflict_handler='error', add_help=True), verb_extension=<colcon_core.verb.build.BuildVerb object at 0x7f31fc7a3910>, main=<bound method BuildVerb.main of <colcon_core.verb.build.BuildVerb object at 0x7f31fc7a3910>>)
[0.601s] Level 1:colcon.colcon_core.package_discovery:discover_packages(recursive) check parameters
[0.601s] Level 1:colcon.colcon_core.package_discovery:discover_packages(path) check parameters
[0.601s] Level 1:colcon.colcon_core.package_discovery:discover_packages(recursive) discover
[0.601s] INFO:colcon.colcon_core.package_discovery:Crawling recursively for packages in '/home/holic/dev_ws'
[0.601s] Level 1:colcon.colcon_core.package_identification:_identify(.) by extensions ['ignore', 'ignore_ament_install']
[0.601s] Level 1:colcon.colcon_core.package_identification:_identify(.) by extension 'ignore'
[0.602s] Level 1:colcon.colcon_core.package_identification:_identify(.) by extension 'ignore_ament_install'
[0.602s] Level 1:colcon.colcon_core.package_identification:_identify(.) by extensions ['ros']
[0.602s] Level 1:colcon.colcon_core.package_identification:_identify(.) by extension 'ros'
[0.623s] Level 1:colcon.colcon_core.package_identification:_identify(.) by extensions ['cmake', 'python']
[0.623s] Level 1:colcon.colcon_core.package_identification:_identify(.) by extension 'cmake'
[0.623s] Level 1:colcon.colcon_core.package_identification:_identify(.) by extension 'python'
[0.623s] Level 1:colcon.colcon_core.package_identification:_identify(.) by extensions ['python_setup_py']
[0.623s] Level 1:colcon.colcon_core.package_identification:_identify(.) by extension 'python_setup_py'
[0.624s] Level 1:colcon.colcon_core.package_identification:_identify(build) by extensions ['ignore', 'ignore_ament_install']
[0.624s] Level 1:colcon.colcon_core.package_identification:_identify(build) by extension 'ignore'
[0.624s] Level 1:colcon.colcon_core.package_identification:_identify(build) ignored
[0.624s] Level 1:colcon.colcon_core.package_identification:_identify(install) by extensions ['ignore', 'ignore_ament_install']
[0.624s] Level 1:colcon.colcon_core.package_identification:_identify(install) by extension 'ignore'
[0.624s] Level 1:colcon.colcon_core.package_identification:_identify(install) ignored
[0.624s] Level 1:colcon.colcon_core.package_identification:_identify(log) by extensions ['ignore', 'ignore_ament_install']
[0.625s] Level 1:colcon.colcon_core.package_identification:_identify(log) by extension 'ignore'
[0.625s] Level 1:colcon.colcon_core.package_identification:_identify(log) ignored
[0.625s] Level 1:colcon.colcon_core.package_identification:_identify(src) by extensions ['ignore', 'ignore_ament_install']
[0.625s] Level 1:colcon.colcon_core.package_identification:_identify(src) by extension 'ignore'
[0.625s] Level 1:colcon.colcon_core.package_identification:_identify(src) by extension 'ignore_ament_install'
[0.625s] Level 1:colcon.colcon_core.package_identification:_identify(src) by extensions ['ros']
[0.625s] Level 1:colcon.colcon_core.package_identification:_identify(src) by extension 'ros'
[0.625s] Level 1:colcon.colcon_core.package_identification:_identify(src) by extensions ['cmake', 'python']
[0.625s] Level 1:colcon.colcon_core.package_identification:_identify(src) by extension 'cmake'
[0.625s] Level 1:colcon.colcon_core.package_identification:_identify(src) by extension 'python'
[0.626s] Level 1:colcon.colcon_core.package_identification:_identify(src) by extensions ['python_setup_py']
[0.626s] Level 1:colcon.colcon_core.package_identification:_identify(src) by extension 'python_setup_py'
[0.626s] Level 1:colcon.colcon_core.package_identification:_identify(src/learning_pkg_c) by extensions ['ignore', 'ignore_ament_install']
[0.626s] Level 1:colcon.colcon_core.package_identification:_identify(src/learning_pkg_c) by extension 'ignore'
[0.626s] Level 1:colcon.colcon_core.package_identification:_identify(src/learning_pkg_c) by extension 'ignore_ament_install'
[0.626s] Level 1:colcon.colcon_core.package_identification:_identify(src/learning_pkg_c) by extensions ['ros']
[0.626s] Level 1:colcon.colcon_core.package_identification:_identify(src/learning_pkg_c) by extension 'ros'
[0.630s] DEBUG:colcon.colcon_core.package_identification:Package 'src/learning_pkg_c' with type 'ros.ament_cmake' and name 'learning_pkg_c'
[0.630s] Level 1:colcon.colcon_core.package_identification:_identify(src/learning_pkg_python) by extensions ['ignore', 'ignore_ament_install']
[0.630s] Level 1:colcon.colcon_core.package_identification:_identify(src/learning_pkg_python) by extension 'ignore'
[0.630s] Level 1:colcon.colcon_core.package_identification:_identify(src/learning_pkg_python) by extension 'ignore_ament_install'
[0.630s] Level 1:colcon.colcon_core.package_identification:_identify(src/learning_pkg_python) by extensions ['ros']
[0.631s] Level 1:colcon.colcon_core.package_identification:_identify(src/learning_pkg_python) by extension 'ros'
[0.632s] DEBUG:colcon.colcon_core.package_identification:Package 'src/learning_pkg_python' with type 'ros.ament_python' and name 'learning_pkg_python'
[0.632s] Level 1:colcon.colcon_core.package_identification:_identify(src/ros2_21_tutorials) by extensions ['ignore', 'ignore_ament_install']
[0.632s] Level 1:colcon.colcon_core.package_identification:_identify(src/ros2_21_tutorials) by extension 'ignore'
[0.632s] Level 1:colcon.colcon_core.package_identification:_identify(src/ros2_21_tutorials) by extension 'ignore_ament_install'
[0.632s] Level 1:colcon.colcon_core.package_identification:_identify(src/ros2_21_tutorials) by extensions ['ros']
[0.632s] Level 1:colcon.colcon_core.package_identification:_identify(src/ros2_21_tutorials) by extension 'ros'
[0.633s] Level 1:colcon.colcon_core.package_identification:_identify(src/ros2_21_tutorials) by extensions ['cmake', 'python']
[0.633s] Level 1:colcon.colcon_core.package_identification:_identify(src/ros2_21_tutorials) by extension 'cmake'
[0.633s] Level 1:colcon.colcon_core.package_identification:_identify(src/ros2_21_tutorials) by extension 'python'
[0.633s] Level 1:colcon.colcon_core.package_identification:_identify(src/ros2_21_tutorials) by extensions ['python_setup_py']
[0.633s] Level 1:colcon.colcon_core.package_identification:_identify(src/ros2_21_tutorials) by extension 'python_setup_py'
[0.634s] Level 1:colcon.colcon_core.package_identification:_identify(src/ros2_21_tutorials/docs) by extensions ['ignore', 'ignore_ament_install']
[0.634s] Level 1:colcon.colcon_core.package_identification:_identify(src/ros2_21_tutorials/docs) by extension 'ignore'
[0.634s] Level 1:colcon.colcon_core.package_identification:_identify(src/ros2_21_tutorials/docs) by extension 'ignore_ament_install'
[0.634s] Level 1:colcon.colcon_core.package_identification:_identify(src/ros2_21_tutorials/docs) by extensions ['ros']
[0.634s] Level 1:colcon.colcon_core.package_identification:_identify(src/ros2_21_tutorials/docs) by extension 'ros'
[0.635s] Level 1:colcon.colcon_core.package_identification:_identify(src/ros2_21_tutorials/docs) by extensions ['cmake', 'python']
[0.635s] Level 1:colcon.colcon_core.package_identification:_identify(src/ros2_21_tutorials/docs) by extension 'cmake'
[0.635s] Level 1:colcon.colcon_core.package_identification:_identify(src/ros2_21_tutorials/docs) by extension 'python'
[0.635s] Level 1:colcon.colcon_core.package_identification:_identify(src/ros2_21_tutorials/docs) by extensions ['python_setup_py']
[0.635s] Level 1:colcon.colcon_core.package_identification:_identify(src/ros2_21_tutorials/docs) by extension 'python_setup_py'
[0.636s] Level 1:colcon.colcon_core.package_identification:_identify(src/ros2_21_tutorials/learning_action) by extensions ['ignore', 'ignore_ament_install']
[0.636s] Level 1:colcon.colcon_core.package_identification:_identify(src/ros2_21_tutorials/learning_action) by extension 'ignore'
[0.636s] Level 1:colcon.colcon_core.package_identification:_identify(src/ros2_21_tutorials/learning_action) by extension 'ignore_ament_install'
[0.636s] Level 1:colcon.colcon_core.package_identification:_identify(src/ros2_21_tutorials/learning_action) by extensions ['ros']
[0.636s] Level 1:colcon.colcon_core.package_identification:_identify(src/ros2_21_tutorials/learning_action) by extension 'ros'
[0.639s] DEBUG:colcon.colcon_core.package_identification:Package 'src/ros2_21_tutorials/learning_action' with type 'ros.ament_python' and name 'learning_action'
[0.639s] Level 1:colcon.colcon_core.package_identification:_identify(src/ros2_21_tutorials/learning_action_cpp) by extensions ['ignore', 'ignore_ament_install']
[0.640s] Level 1:colcon.colcon_core.package_identification:_identify(src/ros2_21_tutorials/learning_action_cpp) by extension 'ignore'
[0.640s] Level 1:colcon.colcon_core.package_identification:_identify(src/ros2_21_tutorials/learning_action_cpp) by extension 'ignore_ament_install'
[0.640s] Level 1:colcon.colcon_core.package_identification:_identify(src/ros2_21_tutorials/learning_action_cpp) by extensions ['ros']
[0.640s] Level 1:colcon.colcon_core.package_identification:_identify(src/ros2_21_tutorials/learning_action_cpp) by extension 'ros'
[0.642s] DEBUG:colcon.colcon_core.package_identification:Package 'src/ros2_21_tutorials/learning_action_cpp' with type 'ros.ament_cmake' and name 'learning_action_cpp'
[0.643s] Level 1:colcon.colcon_core.package_identification:_identify(src/ros2_21_tutorials/learning_cv) by extensions ['ignore', 'ignore_ament_install']
[0.643s] Level 1:colcon.colcon_core.package_identification:_identify(src/ros2_21_tutorials/learning_cv) by extension 'ignore'
[0.643s] Level 1:colcon.colcon_core.package_identification:_identify(src/ros2_21_tutorials/learning_cv) by extension 'ignore_ament_install'
[0.643s] Level 1:colcon.colcon_core.package_identification:_identify(src/ros2_21_tutorials/learning_cv) by extensions ['ros']
[0.643s] Level 1:colcon.colcon_core.package_identification:_identify(src/ros2_21_tutorials/learning_cv) by extension 'ros'
[0.645s] DEBUG:colcon.colcon_core.package_identification:Package 'src/ros2_21_tutorials/learning_cv' with type 'ros.ament_python' and name 'learning_cv'
[0.646s] Level 1:colcon.colcon_core.package_identification:_identify(src/ros2_21_tutorials/learning_gazebo) by extensions ['ignore', 'ignore_ament_install']
[0.646s] Level 1:colcon.colcon_core.package_identification:_identify(src/ros2_21_tutorials/learning_gazebo) by extension 'ignore'
[0.646s] Level 1:colcon.colcon_core.package_identification:_identify(src/ros2_21_tutorials/learning_gazebo) by extension 'ignore_ament_install'
[0.646s] Level 1:colcon.colcon_core.package_identification:_identify(src/ros2_21_tutorials/learning_gazebo) by extensions ['ros']
[0.646s] Level 1:colcon.colcon_core.package_identification:_identify(src/ros2_21_tutorials/learning_gazebo) by extension 'ros'
[0.648s] DEBUG:colcon.colcon_core.package_identification:Package 'src/ros2_21_tutorials/learning_gazebo' with type 'ros.ament_python' and name 'learning_gazebo'
[0.648s] Level 1:colcon.colcon_core.package_identification:_identify(src/ros2_21_tutorials/learning_interface) by extensions ['ignore', 'ignore_ament_install']
[0.649s] Level 1:colcon.colcon_core.package_identification:_identify(src/ros2_21_tutorials/learning_interface) by extension 'ignore'
[0.649s] Level 1:colcon.colcon_core.package_identification:_identify(src/ros2_21_tutorials/learning_interface) by extension 'ignore_ament_install'
[0.649s] Level 1:colcon.colcon_core.package_identification:_identify(src/ros2_21_tutorials/learning_interface) by extensions ['ros']
[0.649s] Level 1:colcon.colcon_core.package_identification:_identify(src/ros2_21_tutorials/learning_interface) by extension 'ros'
[0.650s] DEBUG:colcon.colcon_core.package_identification:Package 'src/ros2_21_tutorials/learning_interface' with type 'ros.ament_cmake' and name 'learning_interface'
[0.651s] Level 1:colcon.colcon_core.package_identification:_identify(src/ros2_21_tutorials/learning_launch) by extensions ['ignore', 'ignore_ament_install']
[0.651s] Level 1:colcon.colcon_core.package_identification:_identify(src/ros2_21_tutorials/learning_launch) by extension 'ignore'
[0.651s] Level 1:colcon.colcon_core.package_identification:_identify(src/ros2_21_tutorials/learning_launch) by extension 'ignore_ament_install'
[0.651s] Level 1:colcon.colcon_core.package_identification:_identify(src/ros2_21_tutorials/learning_launch) by extensions ['ros']
[0.652s] Level 1:colcon.colcon_core.package_identification:_identify(src/ros2_21_tutorials/learning_launch) by extension 'ros'
[0.653s] DEBUG:colcon.colcon_core.package_identification:Package 'src/ros2_21_tutorials/learning_launch' with type 'ros.ament_python' and name 'learning_launch'
[0.653s] Level 1:colcon.colcon_core.package_identification:_identify(src/ros2_21_tutorials/learning_node) by extensions ['ignore', 'ignore_ament_install']
[0.653s] Level 1:colcon.colcon_core.package_identification:_identify(src/ros2_21_tutorials/learning_node) by extension 'ignore'
[0.654s] Level 1:colcon.colcon_core.package_identification:_identify(src/ros2_21_tutorials/learning_node) by extension 'ignore_ament_install'
[0.654s] Level 1:colcon.colcon_core.package_identification:_identify(src/ros2_21_tutorials/learning_node) by extensions ['ros']
[0.654s] Level 1:colcon.colcon_core.package_identification:_identify(src/ros2_21_tutorials/learning_node) by extension 'ros'
[0.655s] DEBUG:colcon.colcon_core.package_identification:Package 'src/ros2_21_tutorials/learning_node' with type 'ros.ament_python' and name 'learning_node'
[0.656s] Level 1:colcon.colcon_core.package_identification:_identify(src/ros2_21_tutorials/learning_node_cpp) by extensions ['ignore', 'ignore_ament_install']
[0.656s] Level 1:colcon.colcon_core.package_identification:_identify(src/ros2_21_tutorials/learning_node_cpp) by extension 'ignore'
[0.657s] Level 1:colcon.colcon_core.package_identification:_identify(src/ros2_21_tutorials/learning_node_cpp) by extension 'ignore_ament_install'
[0.657s] Level 1:colcon.colcon_core.package_identification:_identify(src/ros2_21_tutorials/learning_node_cpp) by extensions ['ros']
[0.657s] Level 1:colcon.colcon_core.package_identification:_identify(src/ros2_21_tutorials/learning_node_cpp) by extension 'ros'
[0.658s] DEBUG:colcon.colcon_core.package_identification:Package 'src/ros2_21_tutorials/learning_node_cpp' with type 'ros.ament_cmake' and name 'learning_node_cpp'
[0.659s] Level 1:colcon.colcon_core.package_identification:_identify(src/ros2_21_tutorials/learning_parameter) by extensions ['ignore', 'ignore_ament_install']
[0.660s] Level 1:colcon.colcon_core.package_identification:_identify(src/ros2_21_tutorials/learning_parameter) by extension 'ignore'
[0.660s] Level 1:colcon.colcon_core.package_identification:_identify(src/ros2_21_tutorials/learning_parameter) by extension 'ignore_ament_install'
[0.660s] Level 1:colcon.colcon_core.package_identification:_identify(src/ros2_21_tutorials/learning_parameter) by extensions ['ros']
[0.660s] Level 1:colcon.colcon_core.package_identification:_identify(src/ros2_21_tutorials/learning_parameter) by extension 'ros'
[0.662s] DEBUG:colcon.colcon_core.package_identification:Package 'src/ros2_21_tutorials/learning_parameter' with type 'ros.ament_python' and name 'learning_parameter'
[0.662s] Level 1:colcon.colcon_core.package_identification:_identify(src/ros2_21_tutorials/learning_parameter_cpp) by extensions ['ignore', 'ignore_ament_install']
[0.663s] Level 1:colcon.colcon_core.package_identification:_identify(src/ros2_21_tutorials/learning_parameter_cpp) by extension 'ignore'
[0.663s] Level 1:colcon.colcon_core.package_identification:_identify(src/ros2_21_tutorials/learning_parameter_cpp) by extension 'ignore_ament_install'
[0.663s] Level 1:colcon.colcon_core.package_identification:_identify(src/ros2_21_tutorials/learning_parameter_cpp) by extensions ['ros']
[0.663s] Level 1:colcon.colcon_core.package_identification:_identify(src/ros2_21_tutorials/learning_parameter_cpp) by extension 'ros'
[0.664s] DEBUG:colcon.colcon_core.package_identification:Package 'src/ros2_21_tutorials/learning_parameter_cpp' with type 'ros.ament_cmake' and name 'learning_parameter_cpp'
[0.665s] Level 1:colcon.colcon_core.package_identification:_identify(src/ros2_21_tutorials/learning_pkg_c) by extensions ['ignore', 'ignore_ament_install']
[0.665s] Level 1:colcon.colcon_core.package_identification:_identify(src/ros2_21_tutorials/learning_pkg_c) by extension 'ignore'
[0.665s] Level 1:colcon.colcon_core.package_identification:_identify(src/ros2_21_tutorials/learning_pkg_c) by extension 'ignore_ament_install'
[0.666s] Level 1:colcon.colcon_core.package_identification:_identify(src/ros2_21_tutorials/learning_pkg_c) by extensions ['ros']
[0.666s] Level 1:colcon.colcon_core.package_identification:_identify(src/ros2_21_tutorials/learning_pkg_c) by extension 'ros'
[0.667s] DEBUG:colcon.colcon_core.package_identification:Package 'src/ros2_21_tutorials/learning_pkg_c' with type 'ros.ament_cmake' and name 'learning_pkg_c'
[0.668s] Level 1:colcon.colcon_core.package_identification:_identify(src/ros2_21_tutorials/learning_pkg_python) by extensions ['ignore', 'ignore_ament_install']
[0.668s] Level 1:colcon.colcon_core.package_identification:_identify(src/ros2_21_tutorials/learning_pkg_python) by extension 'ignore'
[0.668s] Level 1:colcon.colcon_core.package_identification:_identify(src/ros2_21_tutorials/learning_pkg_python) by extension 'ignore_ament_install'
[0.669s] Level 1:colcon.colcon_core.package_identification:_identify(src/ros2_21_tutorials/learning_pkg_python) by extensions ['ros']
[0.669s] Level 1:colcon.colcon_core.package_identification:_identify(src/ros2_21_tutorials/learning_pkg_python) by extension 'ros'
[0.670s] DEBUG:colcon.colcon_core.package_identification:Package 'src/ros2_21_tutorials/learning_pkg_python' with type 'ros.ament_python' and name 'learning_pkg_python'
[0.671s] Level 1:colcon.colcon_core.package_identification:_identify(src/ros2_21_tutorials/learning_qos) by extensions ['ignore', 'ignore_ament_install']
[0.671s] Level 1:colcon.colcon_core.package_identification:_identify(src/ros2_21_tutorials/learning_qos) by extension 'ignore'
[0.671s] Level 1:colcon.colcon_core.package_identification:_identify(src/ros2_21_tutorials/learning_qos) by extension 'ignore_ament_install'
[0.671s] Level 1:colcon.colcon_core.package_identification:_identify(src/ros2_21_tutorials/learning_qos) by extensions ['ros']
[0.671s] Level 1:colcon.colcon_core.package_identification:_identify(src/ros2_21_tutorials/learning_qos) by extension 'ros'
[0.673s] DEBUG:colcon.colcon_core.package_identification:Package 'src/ros2_21_tutorials/learning_qos' with type 'ros.ament_python' and name 'learning_qos'
[0.673s] Level 1:colcon.colcon_core.package_identification:_identify(src/ros2_21_tutorials/learning_service) by extensions ['ignore', 'ignore_ament_install']
[0.674s] Level 1:colcon.colcon_core.package_identification:_identify(src/ros2_21_tutorials/learning_service) by extension 'ignore'
[0.674s] Level 1:colcon.colcon_core.package_identification:_identify(src/ros2_21_tutorials/learning_service) by extension 'ignore_ament_install'
[0.674s] Level 1:colcon.colcon_core.package_identification:_identify(src/ros2_21_tutorials/learning_service) by extensions ['ros']
[0.674s] Level 1:colcon.colcon_core.package_identification:_identify(src/ros2_21_tutorials/learning_service) by extension 'ros'
[0.676s] DEBUG:colcon.colcon_core.package_identification:Package 'src/ros2_21_tutorials/learning_service' with type 'ros.ament_python' and name 'learning_service'
[0.677s] Level 1:colcon.colcon_core.package_identification:_identify(src/ros2_21_tutorials/learning_service_cpp) by extensions ['ignore', 'ignore_ament_install']
[0.677s] Level 1:colcon.colcon_core.package_identification:_identify(src/ros2_21_tutorials/learning_service_cpp) by extension 'ignore'
[0.677s] Level 1:colcon.colcon_core.package_identification:_identify(src/ros2_21_tutorials/learning_service_cpp) by extension 'ignore_ament_install'
[0.677s] Level 1:colcon.colcon_core.package_identification:_identify(src/ros2_21_tutorials/learning_service_cpp) by extensions ['ros']
[0.677s] Level 1:colcon.colcon_core.package_identification:_identify(src/ros2_21_tutorials/learning_service_cpp) by extension 'ros'
[0.679s] DEBUG:colcon.colcon_core.package_identification:Package 'src/ros2_21_tutorials/learning_service_cpp' with type 'ros.ament_cmake' and name 'learning_service_cpp'
[0.680s] Level 1:colcon.colcon_core.package_identification:_identify(src/ros2_21_tutorials/learning_tf) by extensions ['ignore', 'ignore_ament_install']
[0.680s] Level 1:colcon.colcon_core.package_identification:_identify(src/ros2_21_tutorials/learning_tf) by extension 'ignore'
[0.680s] Level 1:colcon.colcon_core.package_identification:_identify(src/ros2_21_tutorials/learning_tf) by extension 'ignore_ament_install'
[0.680s] Level 1:colcon.colcon_core.package_identification:_identify(src/ros2_21_tutorials/learning_tf) by extensions ['ros']
[0.680s] Level 1:colcon.colcon_core.package_identification:_identify(src/ros2_21_tutorials/learning_tf) by extension 'ros'
[0.682s] DEBUG:colcon.colcon_core.package_identification:Package 'src/ros2_21_tutorials/learning_tf' with type 'ros.ament_python' and name 'learning_tf'
[0.683s] Level 1:colcon.colcon_core.package_identification:_identify(src/ros2_21_tutorials/learning_topic) by extensions ['ignore', 'ignore_ament_install']
[0.683s] Level 1:colcon.colcon_core.package_identification:_identify(src/ros2_21_tutorials/learning_topic) by extension 'ignore'
[0.683s] Level 1:colcon.colcon_core.package_identification:_identify(src/ros2_21_tutorials/learning_topic) by extension 'ignore_ament_install'
[0.683s] Level 1:colcon.colcon_core.package_identification:_identify(src/ros2_21_tutorials/learning_topic) by extensions ['ros']
[0.683s] Level 1:colcon.colcon_core.package_identification:_identify(src/ros2_21_tutorials/learning_topic) by extension 'ros'
[0.685s] DEBUG:colcon.colcon_core.package_identification:Package 'src/ros2_21_tutorials/learning_topic' with type 'ros.ament_python' and name 'learning_topic'
[0.685s] Level 1:colcon.colcon_core.package_identification:_identify(src/ros2_21_tutorials/learning_topic_cpp) by extensions ['ignore', 'ignore_ament_install']
[0.686s] Level 1:colcon.colcon_core.package_identification:_identify(src/ros2_21_tutorials/learning_topic_cpp) by extension 'ignore'
[0.686s] Level 1:colcon.colcon_core.package_identification:_identify(src/ros2_21_tutorials/learning_topic_cpp) by extension 'ignore_ament_install'
[0.686s] Level 1:colcon.colcon_core.package_identification:_identify(src/ros2_21_tutorials/learning_topic_cpp) by extensions ['ros']
[0.686s] Level 1:colcon.colcon_core.package_identification:_identify(src/ros2_21_tutorials/learning_topic_cpp) by extension 'ros'
[0.687s] DEBUG:colcon.colcon_core.package_identification:Package 'src/ros2_21_tutorials/learning_topic_cpp' with type 'ros.ament_cmake' and name 'learning_topic_cpp'
[0.688s] Level 1:colcon.colcon_core.package_identification:_identify(src/ros2_21_tutorials/learning_urdf) by extensions ['ignore', 'ignore_ament_install']
[0.689s] Level 1:colcon.colcon_core.package_identification:_identify(src/ros2_21_tutorials/learning_urdf) by extension 'ignore'
[0.689s] Level 1:colcon.colcon_core.package_identification:_identify(src/ros2_21_tutorials/learning_urdf) by extension 'ignore_ament_install'
[0.689s] Level 1:colcon.colcon_core.package_identification:_identify(src/ros2_21_tutorials/learning_urdf) by extensions ['ros']
[0.689s] Level 1:colcon.colcon_core.package_identification:_identify(src/ros2_21_tutorials/learning_urdf) by extension 'ros'
[0.691s] DEBUG:colcon.colcon_core.package_identification:Package 'src/ros2_21_tutorials/learning_urdf' with type 'ros.ament_python' and name 'learning_urdf'
[0.692s] Level 1:colcon.colcon_core.package_identification:_identify(src/ros2_21_tutorials/python) by extensions ['ignore', 'ignore_ament_install']
[0.692s] Level 1:colcon.colcon_core.package_identification:_identify(src/ros2_21_tutorials/python) by extension 'ignore'
[0.692s] Level 1:colcon.colcon_core.package_identification:_identify(src/ros2_21_tutorials/python) by extension 'ignore_ament_install'
[0.692s] Level 1:colcon.colcon_core.package_identification:_identify(src/ros2_21_tutorials/python) by extensions ['ros']
[0.692s] Level 1:colcon.colcon_core.package_identification:_identify(src/ros2_21_tutorials/python) by extension 'ros'
[0.692s] Level 1:colcon.colcon_core.package_identification:_identify(src/ros2_21_tutorials/python) by extensions ['cmake', 'python']
[0.693s] Level 1:colcon.colcon_core.package_identification:_identify(src/ros2_21_tutorials/python) by extension 'cmake'
[0.693s] Level 1:colcon.colcon_core.package_identification:_identify(src/ros2_21_tutorials/python) by extension 'python'
[0.693s] Level 1:colcon.colcon_core.package_identification:_identify(src/ros2_21_tutorials/python) by extensions ['python_setup_py']
[0.693s] Level 1:colcon.colcon_core.package_identification:_identify(src/ros2_21_tutorials/python) by extension 'python_setup_py'
[0.693s] Level 1:colcon.colcon_core.package_discovery:discover_packages(recursive) using defaults
[0.693s] Level 1:colcon.colcon_core.package_discovery:discover_packages(path) discover
[0.693s] Level 1:colcon.colcon_core.package_discovery:discover_packages(path) using defaults
[0.840s] ERROR:colcon:colcon build: Duplicate package names not supported:
- learning_pkg_c:
  - src/learning_pkg_c
  - src/ros2_21_tutorials/learning_pkg_c
- learning_pkg_python:
  - src/learning_pkg_python
  - src/ros2_21_tutorials/learning_pkg_python
